{"meta": {"format": 3, "version": "7.13.4", "timestamp": "2026-03-03T22:47:03.472882", "branch_coverage": false, "show_contexts": false}, "files": {"vetinari\\__init__.py": {"executed_lines": [3, 5], "summary": {"covered_lines": 2, "num_statements": 2, "percent_covered": 100.0, "percent_covered_display": "100", "missing_lines": 0, "excluded_lines": 0, "percent_statements_covered": 100.0, "percent_statements_covered_display": "100"}, "missing_lines": [], "excluded_lines": [], "functions": {"": {"executed_lines": [3, 5], "summary": {"covered_lines": 2, "num_statements": 2, "percent_covered": 100.0, "percent_covered_display": "100", "missing_lines": 0, "excluded_lines": 0, "percent_statements_covered": 100.0, "percent_statements_covered_display": "100"}, "missing_lines": [], "excluded_lines": [], "start_line": 1}}, "classes": {"": {"executed_lines": [3, 5], "summary": {"covered_lines": 2, "num_statements": 2, "percent_covered": 100.0, "percent_covered_display": "100", "missing_lines": 0, "excluded_lines": 0, "percent_statements_covered": 100.0, "percent_statements_covered_display": "100"}, "missing_lines": [], "excluded_lines": [], "start_line": 1}}}, "vetinari\\adapter_manager.py": {"executed_lines": [15, 16, 17, 18, 19, 20, 22, 30, 31, 37, 40, 42, 43, 44, 45, 48, 49, 53, 54, 55, 56, 57, 58, 59, 61, 62, 64, 65, 66, 67, 69, 71, 85, 90, 92, 93, 94, 95, 96, 98, 109, 112, 118, 119, 121, 122, 124, 126, 128, 130, 132, 142, 143, 144, 145, 147, 149, 159, 160, 161, 162, 164, 165, 168, 169, 170, 171, 173, 174, 175, 176, 177, 178, 179, 180, 183, 184, 185, 186, 188, 198, 199, 200, 201, 203, 204, 205, 206, 207, 208, 209, 214, 231, 232, 233, 234, 236, 237, 239, 240, 241, 242, 243, 244, 245, 247, 248, 251, 252, 253, 256, 257, 258, 259, 260, 261, 262, 264, 265, 266, 268, 269, 271, 288, 291, 301, 302, 303, 305, 307, 308, 309, 311, 312, 313, 314, 315, 317, 318, 319, 322, 323, 324, 325, 326, 328, 330, 331, 333, 334, 335, 336, 337, 338, 339, 343, 352, 354, 355, 357, 359, 372, 375, 378, 379, 380], "summary": {"covered_lines": 166, "num_statements": 169, "percent_covered": 98.22485207100591, "percent_covered_display": "98", "missing_lines": 3, "excluded_lines": 0, "percent_statements_covered": 98.22485207100591, "percent_statements_covered_display": "98"}, "missing_lines": [212, 292, 340], "excluded_lines": [], "functions": {"ProviderMetrics.success_rate": {"executed_lines": [64, 65, 66, 67], "summary": {"covered_lines": 4, "num_statements": 4, "percent_covered": 100.0, "percent_covered_display": "100", "missing_lines": 0, "excluded_lines": 0, "percent_statements_covered": 100.0, "percent_statements_covered_display": "100"}, "missing_lines": [], "excluded_lines": [], "start_line": 62}, "ProviderMetrics.to_dict": {"executed_lines": [71], "summary": {"covered_lines": 1, "num_statements": 1, "percent_covered": 100.0, "percent_covered_display": "100", "missing_lines": 0, "excluded_lines": 0, "percent_statements_covered": 100.0, "percent_statements_covered_display": "100"}, "missing_lines": [], "excluded_lines": [], "start_line": 69}, "AdapterManager.__init__": {"executed_lines": [92, 93, 94, 95, 96], "summary": {"covered_lines": 5, "num_statements": 5, "percent_covered": 100.0, "percent_covered_display": "100", "missing_lines": 0, "excluded_lines": 0, "percent_statements_covered": 100.0, "percent_statements_covered_display": "100"}, "missing_lines": [], "excluded_lines": [], "start_line": 90}, "AdapterManager.register_provider": {"executed_lines": [109, 112, 118, 119, 121, 122], "summary": {"covered_lines": 6, "num_statements": 6, "percent_covered": 100.0, "percent_covered_display": "100", "missing_lines": 0, "excluded_lines": 0, "percent_statements_covered": 100.0, "percent_statements_covered_display": "100"}, "missing_lines": [], "excluded_lines": [], "start_line": 98}, "AdapterManager.get_provider": {"executed_lines": [126], "summary": {"covered_lines": 1, "num_statements": 1, "percent_covered": 100.0, "percent_covered_display": "100", "missing_lines": 0, "excluded_lines": 0, "percent_statements_covered": 100.0, "percent_statements_covered_display": "100"}, "missing_lines": [], "excluded_lines": [], "start_line": 124}, "AdapterManager.list_providers": {"executed_lines": [130], "summary": {"covered_lines": 1, "num_statements": 1, "percent_covered": 100.0, "percent_covered_display": "100", "missing_lines": 0, "excluded_lines": 0, "percent_statements_covered": 100.0, "percent_statements_covered_display": "100"}, "missing_lines": [], "excluded_lines": [], "start_line": 128}, "AdapterManager.get_metrics": {"executed_lines": [142, 143, 144, 145, 147], "summary": {"covered_lines": 5, "num_statements": 5, "percent_covered": 100.0, "percent_covered_display": "100", "missing_lines": 0, "excluded_lines": 0, "percent_statements_covered": 100.0, "percent_statements_covered_display": "100"}, "missing_lines": [], "excluded_lines": [], "start_line": 132}, "AdapterManager.health_check": {"executed_lines": [159, 160, 161, 162, 164, 165, 168, 169, 170, 171, 173, 174, 175, 176, 177, 178, 179, 180, 183, 184, 185, 186], "summary": {"covered_lines": 22, "num_statements": 22, "percent_covered": 100.0, "percent_covered_display": "100", "missing_lines": 0, "excluded_lines": 0, "percent_statements_covered": 100.0, "percent_statements_covered_display": "100"}, "missing_lines": [], "excluded_lines": [], "start_line": 149}, "AdapterManager.discover_models": {"executed_lines": [198, 199, 200, 201, 203, 204, 205, 206, 207, 208, 209], "summary": {"covered_lines": 11, "num_statements": 12, "percent_covered": 91.66666666666667, "percent_covered_display": "92", "missing_lines": 1, "excluded_lines": 0, "percent_statements_covered": 91.66666666666667, "percent_statements_covered_display": "92"}, "missing_lines": [212], "excluded_lines": [], "start_line": 188}, "AdapterManager.select_provider_for_task": {"executed_lines": [231, 232, 233, 234, 236, 237, 239, 240, 241, 242, 243, 244, 245, 247, 248, 251, 252, 253, 256, 257, 258, 259, 260, 261, 262, 264, 265, 266, 268, 269], "summary": {"covered_lines": 30, "num_statements": 30, "percent_covered": 100.0, "percent_covered_display": "100", "missing_lines": 0, "excluded_lines": 0, "percent_statements_covered": 100.0, "percent_statements_covered_display": "100"}, "missing_lines": [], "excluded_lines": [], "start_line": 214}, "AdapterManager.infer": {"executed_lines": [288, 291, 301, 302, 303, 305, 307, 308, 309, 311, 312, 313, 314, 315, 317, 318, 319, 322, 323, 324, 325, 326, 328, 330, 331, 333, 334, 335, 336, 337, 338, 339, 343], "summary": {"covered_lines": 33, "num_statements": 35, "percent_covered": 94.28571428571429, "percent_covered_display": "94", "missing_lines": 2, "excluded_lines": 0, "percent_statements_covered": 94.28571428571429, "percent_statements_covered_display": "94"}, "missing_lines": [292, 340], "excluded_lines": [], "start_line": 271}, "AdapterManager.set_fallback_order": {"executed_lines": [354, 355], "summary": {"covered_lines": 2, "num_statements": 2, "percent_covered": 100.0, "percent_covered_display": "100", "missing_lines": 0, "excluded_lines": 0, "percent_statements_covered": 100.0, "percent_statements_covered_display": "100"}, "missing_lines": [], "excluded_lines": [], "start_line": 352}, "AdapterManager.get_status": {"executed_lines": [359], "summary": {"covered_lines": 1, "num_statements": 1, "percent_covered": 100.0, "percent_covered_display": "100", "missing_lines": 0, "excluded_lines": 0, "percent_statements_covered": 100.0, "percent_statements_covered_display": "100"}, "missing_lines": [], "excluded_lines": [], "start_line": 357}, "get_adapter_manager": {"executed_lines": [378, 379, 380], "summary": {"covered_lines": 3, "num_statements": 3, "percent_covered": 100.0, "percent_covered_display": "100", "missing_lines": 0, "excluded_lines": 0, "percent_statements_covered": 100.0, "percent_statements_covered_display": "100"}, "missing_lines": [], "excluded_lines": [], "start_line": 375}, "": {"executed_lines": [15, 16, 17, 18, 19, 20, 22, 30, 31, 37, 40, 42, 43, 44, 45, 48, 49, 53, 54, 55, 56, 57, 58, 59, 61, 62, 69, 85, 90, 98, 124, 128, 132, 149, 188, 214, 271, 352, 357, 372, 375], "summary": {"covered_lines": 41, "num_statements": 41, "percent_covered": 100.0, "percent_covered_display": "100", "missing_lines": 0, "excluded_lines": 0, "percent_statements_covered": 100.0, "percent_statements_covered_display": "100"}, "missing_lines": [], "excluded_lines": [], "start_line": 1}}, "classes": {"ProviderHealthStatus": {"executed_lines": [], "summary": {"covered_lines": 0, "num_statements": 0, "percent_covered": 100.0, "percent_covered_display": "100", "missing_lines": 0, "excluded_lines": 0, "percent_statements_covered": 100.0, "percent_statements_covered_display": "100"}, "missing_lines": [], "excluded_lines": [], "start_line": 40}, "ProviderMetrics": {"executed_lines": [64, 65, 66, 67, 71], "summary": {"covered_lines": 5, "num_statements": 5, "percent_covered": 100.0, "percent_covered_display": "100", "missing_lines": 0, "excluded_lines": 0, "percent_statements_covered": 100.0, "percent_statements_covered_display": "100"}, "missing_lines": [], "excluded_lines": [], "start_line": 49}, "AdapterManager": {"executed_lines": [92, 93, 94, 95, 96, 109, 112, 118, 119, 121, 122, 126, 130, 142, 143, 144, 145, 147, 159, 160, 161, 162, 164, 165, 168, 169, 170, 171, 173, 174, 175, 176, 177, 178, 179, 180, 183, 184, 185, 186, 198, 199, 200, 201, 203, 204, 205, 206, 207, 208, 209, 231, 232, 233, 234, 236, 237, 239, 240, 241, 242, 243, 244, 245, 247, 248, 251, 252, 253, 256, 257, 258, 259, 260, 261, 262, 264, 265, 266, 268, 269, 288, 291, 301, 302, 303, 305, 307, 308, 309, 311, 312, 313, 314, 315, 317, 318, 319, 322, 323, 324, 325, 326, 328, 330, 331, 333, 334, 335, 336, 337, 338, 339, 343, 354, 355, 359], "summary": {"covered_lines": 117, "num_statements": 120, "percent_covered": 97.5, "percent_covered_display": "98", "missing_lines": 3, "excluded_lines": 0, "percent_statements_covered": 97.5, "percent_statements_covered_display": "98"}, "missing_lines": [212, 292, 340], "excluded_lines": [], "start_line": 85}, "": {"executed_lines": [15, 16, 17, 18, 19, 20, 22, 30, 31, 37, 40, 42, 43, 44, 45, 48, 49, 53, 54, 55, 56, 57, 58, 59, 61, 62, 69, 85, 90, 98, 124, 128, 132, 149, 188, 214, 271, 352, 357, 372, 375, 378, 379, 380], "summary": {"covered_lines": 44, "num_statements": 44, "percent_covered": 100.0, "percent_covered_display": "100", "missing_lines": 0, "excluded_lines": 0, "percent_statements_covered": 100.0, "percent_statements_covered_display": "100"}, "missing_lines": [], "excluded_lines": [], "start_line": 1}}}, "vetinari\\adapters\\__init__.py": {"executed_lines": [11, 15, 16, 17, 18, 19, 20, 22], "summary": {"covered_lines": 8, "num_statements": 8, "percent_covered": 100.0, "percent_covered_display": "100", "missing_lines": 0, "excluded_lines": 0, "percent_statements_covered": 100.0, "percent_statements_covered_display": "100"}, "missing_lines": [], "excluded_lines": [], "functions": {"": {"executed_lines": [11, 15, 16, 17, 18, 19, 20, 22], "summary": {"covered_lines": 8, "num_statements": 8, "percent_covered": 100.0, "percent_covered_display": "100", "missing_lines": 0, "excluded_lines": 0, "percent_statements_covered": 100.0, "percent_statements_covered_display": "100"}, "missing_lines": [], "excluded_lines": [], "start_line": 1}}, "classes": {"": {"executed_lines": [11, 15, 16, 17, 18, 19, 20, 22], "summary": {"covered_lines": 8, "num_statements": 8, "percent_covered": 100.0, "percent_covered_display": "100", "missing_lines": 0, "excluded_lines": 0, "percent_statements_covered": 100.0, "percent_statements_covered_display": "100"}, "missing_lines": [], "excluded_lines": [], "start_line": 1}}}, "vetinari\\adapters\\anthropic_adapter.py": {"executed_lines": [3, 4, 5, 6, 7, 12, 15, 18, 30, 98, 134, 202], "summary": {"covered_lines": 12, "num_statements": 64, "percent_covered": 18.75, "percent_covered_display": "19", "missing_lines": 52, "excluded_lines": 0, "percent_statements_covered": 18.75, "percent_statements_covered_display": "19"}, "missing_lines": [20, 21, 22, 23, 24, 25, 26, 28, 32, 34, 73, 74, 75, 88, 90, 91, 92, 94, 95, 96, 100, 101, 108, 114, 120, 126, 127, 136, 138, 139, 145, 147, 156, 157, 159, 165, 166, 168, 171, 172, 174, 175, 176, 177, 179, 180, 182, 190, 191, 192, 193, 204], "excluded_lines": [], "functions": {"AnthropicProviderAdapter.__init__": {"executed_lines": [], "summary": {"covered_lines": 0, "num_statements": 8, "percent_covered": 0.0, "percent_covered_display": "0", "missing_lines": 8, "excluded_lines": 0, "percent_statements_covered": 0.0, "percent_statements_covered_display": "0"}, "missing_lines": [20, 21, 22, 23, 24, 25, 26, 28], "excluded_lines": [], "start_line": 18}, "AnthropicProviderAdapter.discover_models": {"executed_lines": [], "summary": {"covered_lines": 0, "num_statements": 12, "percent_covered": 0.0, "percent_covered_display": "0", "missing_lines": 12, "excluded_lines": 0, "percent_statements_covered": 0.0, "percent_statements_covered_display": "0"}, "missing_lines": [32, 34, 73, 74, 75, 88, 90, 91, 92, 94, 95, 96], "excluded_lines": [], "start_line": 30}, "AnthropicProviderAdapter.health_check": {"executed_lines": [], "summary": {"covered_lines": 0, "num_statements": 7, "percent_covered": 0.0, "percent_covered_display": "0", "missing_lines": 7, "excluded_lines": 0, "percent_statements_covered": 0.0, "percent_statements_covered_display": "0"}, "missing_lines": [100, 101, 108, 114, 120, 126, 127], "excluded_lines": [], "start_line": 98}, "AnthropicProviderAdapter.infer": {"executed_lines": [], "summary": {"covered_lines": 0, "num_statements": 24, "percent_covered": 0.0, "percent_covered_display": "0", "missing_lines": 24, "excluded_lines": 0, "percent_statements_covered": 0.0, "percent_statements_covered_display": "0"}, "missing_lines": [136, 138, 139, 145, 147, 156, 157, 159, 165, 166, 168, 171, 172, 174, 175, 176, 177, 179, 180, 182, 190, 191, 192, 193], "excluded_lines": [], "start_line": 134}, "AnthropicProviderAdapter.get_capabilities": {"executed_lines": [], "summary": {"covered_lines": 0, "num_statements": 1, "percent_covered": 0.0, "percent_covered_display": "0", "missing_lines": 1, "excluded_lines": 0, "percent_statements_covered": 0.0, "percent_statements_covered_display": "0"}, "missing_lines": [204], "excluded_lines": [], "start_line": 202}, "": {"executed_lines": [3, 4, 5, 6, 7, 12, 15, 18, 30, 98, 134, 202], "summary": {"covered_lines": 12, "num_statements": 12, "percent_covered": 100.0, "percent_covered_display": "100", "missing_lines": 0, "excluded_lines": 0, "percent_statements_covered": 100.0, "percent_statements_covered_display": "100"}, "missing_lines": [], "excluded_lines": [], "start_line": 1}}, "classes": {"AnthropicProviderAdapter": {"executed_lines": [], "summary": {"covered_lines": 0, "num_statements": 52, "percent_covered": 0.0, "percent_covered_display": "0", "missing_lines": 52, "excluded_lines": 0, "percent_statements_covered": 0.0, "percent_statements_covered_display": "0"}, "missing_lines": [20, 21, 22, 23, 24, 25, 26, 28, 32, 34, 73, 74, 75, 88, 90, 91, 92, 94, 95, 96, 100, 101, 108, 114, 120, 126, 127, 136, 138, 139, 145, 147, 156, 157, 159, 165, 166, 168, 171, 172, 174, 175, 176, 177, 179, 180, 182, 190, 191, 192, 193, 204], "excluded_lines": [], "start_line": 15}, "": {"executed_lines": [3, 4, 5, 6, 7, 12, 15, 18, 30, 98, 134, 202], "summary": {"covered_lines": 12, "num_statements": 12, "percent_covered": 100.0, "percent_covered_display": "100", "missing_lines": 0, "excluded_lines": 0, "percent_statements_covered": 100.0, "percent_statements_covered_display": "100"}, "missing_lines": [], "excluded_lines": [], "start_line": 1}}}, "vetinari\\adapters\\base.py": {"executed_lines": [3, 4, 5, 6, 9, 11, 12, 13, 14, 15, 16, 17, 18, 21, 22, 27, 28, 29, 30, 31, 34, 35, 45, 46, 47, 48, 49, 52, 53, 57, 58, 59, 60, 61, 62, 63, 66, 67, 74, 75, 78, 89, 100, 101, 110, 111, 120, 121, 133, 134, 144, 198], "summary": {"covered_lines": 52, "num_statements": 90, "percent_covered": 57.77777777777778, "percent_covered_display": "58", "missing_lines": 38, "excluded_lines": 0, "percent_statements_covered": 57.77777777777778, "percent_statements_covered_display": "58"}, "missing_lines": [91, 92, 93, 94, 95, 96, 97, 98, 108, 118, 131, 142, 157, 160, 161, 162, 163, 165, 166, 169, 170, 171, 173, 174, 177, 178, 179, 181, 182, 185, 186, 187, 189, 190, 193, 194, 196, 199], "excluded_lines": [], "functions": {"ProviderAdapter.__init__": {"executed_lines": [], "summary": {"covered_lines": 0, "num_statements": 8, "percent_covered": 0.0, "percent_covered_display": "0", "missing_lines": 8, "excluded_lines": 0, "percent_statements_covered": 0.0, "percent_statements_covered_display": "0"}, "missing_lines": [91, 92, 93, 94, 95, 96, 97, 98], "excluded_lines": [], "start_line": 89}, "ProviderAdapter.discover_models": {"executed_lines": [], "summary": {"covered_lines": 0, "num_statements": 1, "percent_covered": 0.0, "percent_covered_display": "0", "missing_lines": 1, "excluded_lines": 0, "percent_statements_covered": 0.0, "percent_statements_covered_display": "0"}, "missing_lines": [108], "excluded_lines": [], "start_line": 101}, "ProviderAdapter.health_check": {"executed_lines": [], "summary": {"covered_lines": 0, "num_statements": 1, "percent_covered": 0.0, "percent_covered_display": "0", "missing_lines": 1, "excluded_lines": 0, "percent_statements_covered": 0.0, "percent_statements_covered_display": "0"}, "missing_lines": [118], "excluded_lines": [], "start_line": 111}, "ProviderAdapter.infer": {"executed_lines": [], "summary": {"covered_lines": 0, "num_statements": 1, "percent_covered": 0.0, "percent_covered_display": "0", "missing_lines": 1, "excluded_lines": 0, "percent_statements_covered": 0.0, "percent_statements_covered_display": "0"}, "missing_lines": [131], "excluded_lines": [], "start_line": 121}, "ProviderAdapter.get_capabilities": {"executed_lines": [], "summary": {"covered_lines": 0, "num_statements": 1, "percent_covered": 0.0, "percent_covered_display": "0", "missing_lines": 1, "excluded_lines": 0, "percent_statements_covered": 0.0, "percent_statements_covered_display": "0"}, "missing_lines": [142], "excluded_lines": [], "start_line": 134}, "ProviderAdapter.score_model_for_task": {"executed_lines": [], "summary": {"covered_lines": 0, "num_statements": 25, "percent_covered": 0.0, "percent_covered_display": "0", "missing_lines": 25, "excluded_lines": 0, "percent_statements_covered": 0.0, "percent_statements_covered_display": "0"}, "missing_lines": [157, 160, 161, 162, 163, 165, 166, 169, 170, 171, 173, 174, 177, 178, 179, 181, 182, 185, 186, 187, 189, 190, 193, 194, 196], "excluded_lines": [], "start_line": 144}, "ProviderAdapter.__repr__": {"executed_lines": [], "summary": {"covered_lines": 0, "num_statements": 1, "percent_covered": 0.0, "percent_covered_display": "0", "missing_lines": 1, "excluded_lines": 0, "percent_statements_covered": 0.0, "percent_statements_covered_display": "0"}, "missing_lines": [199], "excluded_lines": [], "start_line": 198}, "": {"executed_lines": [3, 4, 5, 6, 9, 11, 12, 13, 14, 15, 16, 17, 18, 21, 22, 27, 28, 29, 30, 31, 34, 35, 45, 46, 47, 48, 49, 52, 53, 57, 58, 59, 60, 61, 62, 63, 66, 67, 74, 75, 78, 89, 100, 101, 110, 111, 120, 121, 133, 134, 144, 198], "summary": {"covered_lines": 52, "num_statements": 52, "percent_covered": 100.0, "percent_covered_display": "100", "missing_lines": 0, "excluded_lines": 0, "percent_statements_covered": 100.0, "percent_statements_covered_display": "100"}, "missing_lines": [], "excluded_lines": [], "start_line": 1}}, "classes": {"ProviderType": {"executed_lines": [], "summary": {"covered_lines": 0, "num_statements": 0, "percent_covered": 100.0, "percent_covered_display": "100", "missing_lines": 0, "excluded_lines": 0, "percent_statements_covered": 100.0, "percent_statements_covered_display": "100"}, "missing_lines": [], "excluded_lines": [], "start_line": 9}, "ProviderConfig": {"executed_lines": [], "summary": {"covered_lines": 0, "num_statements": 0, "percent_covered": 100.0, "percent_covered_display": "100", "missing_lines": 0, "excluded_lines": 0, "percent_statements_covered": 100.0, "percent_statements_covered_display": "100"}, "missing_lines": [], "excluded_lines": [], "start_line": 22}, "ModelInfo": {"executed_lines": [], "summary": {"covered_lines": 0, "num_statements": 0, "percent_covered": 100.0, "percent_covered_display": "100", "missing_lines": 0, "excluded_lines": 0, "percent_statements_covered": 100.0, "percent_statements_covered_display": "100"}, "missing_lines": [], "excluded_lines": [], "start_line": 35}, "InferenceRequest": {"executed_lines": [], "summary": {"covered_lines": 0, "num_statements": 0, "percent_covered": 100.0, "percent_covered_display": "100", "missing_lines": 0, "excluded_lines": 0, "percent_statements_covered": 100.0, "percent_statements_covered_display": "100"}, "missing_lines": [], "excluded_lines": [], "start_line": 53}, "InferenceResponse": {"executed_lines": [], "summary": {"covered_lines": 0, "num_statements": 0, "percent_covered": 100.0, "percent_covered_display": "100", "missing_lines": 0, "excluded_lines": 0, "percent_statements_covered": 100.0, "percent_statements_covered_display": "100"}, "missing_lines": [], "excluded_lines": [], "start_line": 67}, "ProviderAdapter": {"executed_lines": [], "summary": {"covered_lines": 0, "num_statements": 38, "percent_covered": 0.0, "percent_covered_display": "0", "missing_lines": 38, "excluded_lines": 0, "percent_statements_covered": 0.0, "percent_statements_covered_display": "0"}, "missing_lines": [91, 92, 93, 94, 95, 96, 97, 98, 108, 118, 131, 142, 157, 160, 161, 162, 163, 165, 166, 169, 170, 171, 173, 174, 177, 178, 179, 181, 182, 185, 186, 187, 189, 190, 193, 194, 196, 199], "excluded_lines": [], "start_line": 78}, "": {"executed_lines": [3, 4, 5, 6, 9, 11, 12, 13, 14, 15, 16, 17, 18, 21, 22, 27, 28, 29, 30, 31, 34, 35, 45, 46, 47, 48, 49, 52, 53, 57, 58, 59, 60, 61, 62, 63, 66, 67, 74, 75, 78, 89, 100, 101, 110, 111, 120, 121, 133, 134, 144, 198], "summary": {"covered_lines": 52, "num_statements": 52, "percent_covered": 100.0, "percent_covered_display": "100", "missing_lines": 0, "excluded_lines": 0, "percent_statements_covered": 100.0, "percent_statements_covered_display": "100"}, "missing_lines": [], "excluded_lines": [], "start_line": 1}}}, "vetinari\\adapters\\cohere_adapter.py": {"executed_lines": [3, 4, 5, 6, 7, 12, 15, 18, 28, 96, 131, 197], "summary": {"covered_lines": 12, "num_statements": 61, "percent_covered": 19.672131147540984, "percent_covered_display": "20", "missing_lines": 49, "excluded_lines": 0, "percent_statements_covered": 19.672131147540984, "percent_statements_covered_display": "20"}, "missing_lines": [20, 21, 22, 23, 24, 25, 26, 30, 32, 71, 72, 73, 86, 88, 89, 90, 92, 93, 94, 98, 99, 105, 111, 117, 123, 124, 133, 135, 136, 142, 143, 144, 146, 155, 161, 162, 164, 167, 168, 170, 171, 174, 175, 177, 185, 186, 187, 188, 199], "excluded_lines": [], "functions": {"CohereProviderAdapter.__init__": {"executed_lines": [], "summary": {"covered_lines": 0, "num_statements": 7, "percent_covered": 0.0, "percent_covered_display": "0", "missing_lines": 7, "excluded_lines": 0, "percent_statements_covered": 0.0, "percent_statements_covered_display": "0"}, "missing_lines": [20, 21, 22, 23, 24, 25, 26], "excluded_lines": [], "start_line": 18}, "CohereProviderAdapter.discover_models": {"executed_lines": [], "summary": {"covered_lines": 0, "num_statements": 12, "percent_covered": 0.0, "percent_covered_display": "0", "missing_lines": 12, "excluded_lines": 0, "percent_statements_covered": 0.0, "percent_statements_covered_display": "0"}, "missing_lines": [30, 32, 71, 72, 73, 86, 88, 89, 90, 92, 93, 94], "excluded_lines": [], "start_line": 28}, "CohereProviderAdapter.health_check": {"executed_lines": [], "summary": {"covered_lines": 0, "num_statements": 7, "percent_covered": 0.0, "percent_covered_display": "0", "missing_lines": 7, "excluded_lines": 0, "percent_statements_covered": 0.0, "percent_statements_covered_display": "0"}, "missing_lines": [98, 99, 105, 111, 117, 123, 124], "excluded_lines": [], "start_line": 96}, "CohereProviderAdapter.infer": {"executed_lines": [], "summary": {"covered_lines": 0, "num_statements": 22, "percent_covered": 0.0, "percent_covered_display": "0", "missing_lines": 22, "excluded_lines": 0, "percent_statements_covered": 0.0, "percent_statements_covered_display": "0"}, "missing_lines": [133, 135, 136, 142, 143, 144, 146, 155, 161, 162, 164, 167, 168, 170, 171, 174, 175, 177, 185, 186, 187, 188], "excluded_lines": [], "start_line": 131}, "CohereProviderAdapter.get_capabilities": {"executed_lines": [], "summary": {"covered_lines": 0, "num_statements": 1, "percent_covered": 0.0, "percent_covered_display": "0", "missing_lines": 1, "excluded_lines": 0, "percent_statements_covered": 0.0, "percent_statements_covered_display": "0"}, "missing_lines": [199], "excluded_lines": [], "start_line": 197}, "": {"executed_lines": [3, 4, 5, 6, 7, 12, 15, 18, 28, 96, 131, 197], "summary": {"covered_lines": 12, "num_statements": 12, "percent_covered": 100.0, "percent_covered_display": "100", "missing_lines": 0, "excluded_lines": 0, "percent_statements_covered": 100.0, "percent_statements_covered_display": "100"}, "missing_lines": [], "excluded_lines": [], "start_line": 1}}, "classes": {"CohereProviderAdapter": {"executed_lines": [], "summary": {"covered_lines": 0, "num_statements": 49, "percent_covered": 0.0, "percent_covered_display": "0", "missing_lines": 49, "excluded_lines": 0, "percent_statements_covered": 0.0, "percent_statements_covered_display": "0"}, "missing_lines": [20, 21, 22, 23, 24, 25, 26, 30, 32, 71, 72, 73, 86, 88, 89, 90, 92, 93, 94, 98, 99, 105, 111, 117, 123, 124, 133, 135, 136, 142, 143, 144, 146, 155, 161, 162, 164, 167, 168, 170, 171, 174, 175, 177, 185, 186, 187, 188, 199], "excluded_lines": [], "start_line": 15}, "": {"executed_lines": [3, 4, 5, 6, 7, 12, 15, 18, 28, 96, 131, 197], "summary": {"covered_lines": 12, "num_statements": 12, "percent_covered": 100.0, "percent_covered_display": "100", "missing_lines": 0, "excluded_lines": 0, "percent_statements_covered": 100.0, "percent_statements_covered_display": "100"}, "missing_lines": [], "excluded_lines": [], "start_line": 1}}}, "vetinari\\adapters\\gemini_adapter.py": {"executed_lines": [3, 4, 5, 6, 7, 12, 15, 18, 28, 101, 123, 206], "summary": {"covered_lines": 12, "num_statements": 66, "percent_covered": 18.181818181818183, "percent_covered_display": "18", "missing_lines": 54, "excluded_lines": 0, "percent_statements_covered": 18.181818181818183, "percent_statements_covered_display": "18"}, "missing_lines": [20, 21, 22, 23, 24, 25, 26, 30, 32, 75, 76, 77, 91, 93, 94, 95, 97, 98, 99, 103, 105, 109, 115, 116, 125, 127, 129, 132, 134, 135, 139, 144, 149, 159, 160, 162, 168, 169, 171, 174, 175, 177, 178, 179, 180, 181, 183, 184, 186, 194, 195, 196, 197, 208], "excluded_lines": [], "functions": {"GeminiProviderAdapter.__init__": {"executed_lines": [], "summary": {"covered_lines": 0, "num_statements": 7, "percent_covered": 0.0, "percent_covered_display": "0", "missing_lines": 7, "excluded_lines": 0, "percent_statements_covered": 0.0, "percent_statements_covered_display": "0"}, "missing_lines": [20, 21, 22, 23, 24, 25, 26], "excluded_lines": [], "start_line": 18}, "GeminiProviderAdapter.discover_models": {"executed_lines": [], "summary": {"covered_lines": 0, "num_statements": 12, "percent_covered": 0.0, "percent_covered_display": "0", "missing_lines": 12, "excluded_lines": 0, "percent_statements_covered": 0.0, "percent_statements_covered_display": "0"}, "missing_lines": [30, 32, 75, 76, 77, 91, 93, 94, 95, 97, 98, 99], "excluded_lines": [], "start_line": 28}, "GeminiProviderAdapter.health_check": {"executed_lines": [], "summary": {"covered_lines": 0, "num_statements": 5, "percent_covered": 0.0, "percent_covered_display": "0", "missing_lines": 5, "excluded_lines": 0, "percent_statements_covered": 0.0, "percent_statements_covered_display": "0"}, "missing_lines": [103, 105, 109, 115, 116], "excluded_lines": [], "start_line": 101}, "GeminiProviderAdapter.infer": {"executed_lines": [], "summary": {"covered_lines": 0, "num_statements": 29, "percent_covered": 0.0, "percent_covered_display": "0", "missing_lines": 29, "excluded_lines": 0, "percent_statements_covered": 0.0, "percent_statements_covered_display": "0"}, "missing_lines": [125, 127, 129, 132, 134, 135, 139, 144, 149, 159, 160, 162, 168, 169, 171, 174, 175, 177, 178, 179, 180, 181, 183, 184, 186, 194, 195, 196, 197], "excluded_lines": [], "start_line": 123}, "GeminiProviderAdapter.get_capabilities": {"executed_lines": [], "summary": {"covered_lines": 0, "num_statements": 1, "percent_covered": 0.0, "percent_covered_display": "0", "missing_lines": 1, "excluded_lines": 0, "percent_statements_covered": 0.0, "percent_statements_covered_display": "0"}, "missing_lines": [208], "excluded_lines": [], "start_line": 206}, "": {"executed_lines": [3, 4, 5, 6, 7, 12, 15, 18, 28, 101, 123, 206], "summary": {"covered_lines": 12, "num_statements": 12, "percent_covered": 100.0, "percent_covered_display": "100", "missing_lines": 0, "excluded_lines": 0, "percent_statements_covered": 100.0, "percent_statements_covered_display": "100"}, "missing_lines": [], "excluded_lines": [], "start_line": 1}}, "classes": {"GeminiProviderAdapter": {"executed_lines": [], "summary": {"covered_lines": 0, "num_statements": 54, "percent_covered": 0.0, "percent_covered_display": "0", "missing_lines": 54, "excluded_lines": 0, "percent_statements_covered": 0.0, "percent_statements_covered_display": "0"}, "missing_lines": [20, 21, 22, 23, 24, 25, 26, 30, 32, 75, 76, 77, 91, 93, 94, 95, 97, 98, 99, 103, 105, 109, 115, 116, 125, 127, 129, 132, 134, 135, 139, 144, 149, 159, 160, 162, 168, 169, 171, 174, 175, 177, 178, 179, 180, 181, 183, 184, 186, 194, 195, 196, 197, 208], "excluded_lines": [], "start_line": 15}, "": {"executed_lines": [3, 4, 5, 6, 7, 12, 15, 18, 28, 101, 123, 206], "summary": {"covered_lines": 12, "num_statements": 12, "percent_covered": 100.0, "percent_covered_display": "100", "missing_lines": 0, "excluded_lines": 0, "percent_statements_covered": 100.0, "percent_statements_covered_display": "100"}, "missing_lines": [], "excluded_lines": [], "start_line": 1}}}, "vetinari\\adapters\\lmstudio_adapter.py": {"executed_lines": [3, 4, 5, 6, 7, 12, 15, 18, 25, 74, 95, 155], "summary": {"covered_lines": 12, "num_statements": 68, "percent_covered": 17.647058823529413, "percent_covered_display": "18", "missing_lines": 56, "excluded_lines": 0, "percent_statements_covered": 17.647058823529413, "percent_statements_covered_display": "18"}, "missing_lines": [20, 21, 22, 23, 27, 28, 32, 33, 36, 37, 38, 39, 40, 42, 44, 46, 47, 48, 49, 50, 52, 64, 66, 67, 68, 70, 71, 72, 76, 77, 81, 87, 88, 97, 99, 100, 111, 116, 117, 119, 122, 123, 125, 126, 127, 128, 129, 130, 132, 133, 135, 143, 144, 145, 146, 157], "excluded_lines": [], "functions": {"LMStudioProviderAdapter.__init__": {"executed_lines": [], "summary": {"covered_lines": 0, "num_statements": 4, "percent_covered": 0.0, "percent_covered_display": "0", "missing_lines": 4, "excluded_lines": 0, "percent_statements_covered": 0.0, "percent_statements_covered_display": "0"}, "missing_lines": [20, 21, 22, 23], "excluded_lines": [], "start_line": 18}, "LMStudioProviderAdapter.discover_models": {"executed_lines": [], "summary": {"covered_lines": 0, "num_statements": 24, "percent_covered": 0.0, "percent_covered_display": "0", "missing_lines": 24, "excluded_lines": 0, "percent_statements_covered": 0.0, "percent_statements_covered_display": "0"}, "missing_lines": [27, 28, 32, 33, 36, 37, 38, 39, 40, 42, 44, 46, 47, 48, 49, 50, 52, 64, 66, 67, 68, 70, 71, 72], "excluded_lines": [], "start_line": 25}, "LMStudioProviderAdapter.health_check": {"executed_lines": [], "summary": {"covered_lines": 0, "num_statements": 5, "percent_covered": 0.0, "percent_covered_display": "0", "missing_lines": 5, "excluded_lines": 0, "percent_statements_covered": 0.0, "percent_statements_covered_display": "0"}, "missing_lines": [76, 77, 81, 87, 88], "excluded_lines": [], "start_line": 74}, "LMStudioProviderAdapter.infer": {"executed_lines": [], "summary": {"covered_lines": 0, "num_statements": 22, "percent_covered": 0.0, "percent_covered_display": "0", "missing_lines": 22, "excluded_lines": 0, "percent_statements_covered": 0.0, "percent_statements_covered_display": "0"}, "missing_lines": [97, 99, 100, 111, 116, 117, 119, 122, 123, 125, 126, 127, 128, 129, 130, 132, 133, 135, 143, 144, 145, 146], "excluded_lines": [], "start_line": 95}, "LMStudioProviderAdapter.get_capabilities": {"executed_lines": [], "summary": {"covered_lines": 0, "num_statements": 1, "percent_covered": 0.0, "percent_covered_display": "0", "missing_lines": 1, "excluded_lines": 0, "percent_statements_covered": 0.0, "percent_statements_covered_display": "0"}, "missing_lines": [157], "excluded_lines": [], "start_line": 155}, "": {"executed_lines": [3, 4, 5, 6, 7, 12, 15, 18, 25, 74, 95, 155], "summary": {"covered_lines": 12, "num_statements": 12, "percent_covered": 100.0, "percent_covered_display": "100", "missing_lines": 0, "excluded_lines": 0, "percent_statements_covered": 100.0, "percent_statements_covered_display": "100"}, "missing_lines": [], "excluded_lines": [], "start_line": 1}}, "classes": {"LMStudioProviderAdapter": {"executed_lines": [], "summary": {"covered_lines": 0, "num_statements": 56, "percent_covered": 0.0, "percent_covered_display": "0", "missing_lines": 56, "excluded_lines": 0, "percent_statements_covered": 0.0, "percent_statements_covered_display": "0"}, "missing_lines": [20, 21, 22, 23, 27, 28, 32, 33, 36, 37, 38, 39, 40, 42, 44, 46, 47, 48, 49, 50, 52, 64, 66, 67, 68, 70, 71, 72, 76, 77, 81, 87, 88, 97, 99, 100, 111, 116, 117, 119, 122, 123, 125, 126, 127, 128, 129, 130, 132, 133, 135, 143, 144, 145, 146, 157], "excluded_lines": [], "start_line": 15}, "": {"executed_lines": [3, 4, 5, 6, 7, 12, 15, 18, 25, 74, 95, 155], "summary": {"covered_lines": 12, "num_statements": 12, "percent_covered": 100.0, "percent_covered_display": "100", "missing_lines": 0, "excluded_lines": 0, "percent_statements_covered": 100.0, "percent_statements_covered_display": "100"}, "missing_lines": [], "excluded_lines": [], "start_line": 1}}}, "vetinari\\adapters\\openai_adapter.py": {"executed_lines": [3, 4, 5, 6, 7, 12, 15, 18, 28, 102, 129, 197], "summary": {"covered_lines": 12, "num_statements": 66, "percent_covered": 18.181818181818183, "percent_covered_display": "18", "missing_lines": 54, "excluded_lines": 0, "percent_statements_covered": 18.181818181818183, "percent_statements_covered_display": "18"}, "missing_lines": [20, 21, 22, 23, 24, 25, 26, 30, 31, 38, 77, 78, 79, 92, 94, 95, 96, 98, 99, 100, 104, 105, 110, 115, 121, 122, 131, 133, 134, 139, 140, 141, 142, 144, 152, 158, 159, 161, 164, 165, 167, 168, 169, 170, 171, 172, 174, 175, 177, 185, 186, 187, 188, 199], "excluded_lines": [], "functions": {"OpenAIProviderAdapter.__init__": {"executed_lines": [], "summary": {"covered_lines": 0, "num_statements": 7, "percent_covered": 0.0, "percent_covered_display": "0", "missing_lines": 7, "excluded_lines": 0, "percent_statements_covered": 0.0, "percent_statements_covered_display": "0"}, "missing_lines": [20, 21, 22, 23, 24, 25, 26], "excluded_lines": [], "start_line": 18}, "OpenAIProviderAdapter.discover_models": {"executed_lines": [], "summary": {"covered_lines": 0, "num_statements": 13, "percent_covered": 0.0, "percent_covered_display": "0", "missing_lines": 13, "excluded_lines": 0, "percent_statements_covered": 0.0, "percent_statements_covered_display": "0"}, "missing_lines": [30, 31, 38, 77, 78, 79, 92, 94, 95, 96, 98, 99, 100], "excluded_lines": [], "start_line": 28}, "OpenAIProviderAdapter.health_check": {"executed_lines": [], "summary": {"covered_lines": 0, "num_statements": 6, "percent_covered": 0.0, "percent_covered_display": "0", "missing_lines": 6, "excluded_lines": 0, "percent_statements_covered": 0.0, "percent_statements_covered_display": "0"}, "missing_lines": [104, 105, 110, 115, 121, 122], "excluded_lines": [], "start_line": 102}, "OpenAIProviderAdapter.infer": {"executed_lines": [], "summary": {"covered_lines": 0, "num_statements": 27, "percent_covered": 0.0, "percent_covered_display": "0", "missing_lines": 27, "excluded_lines": 0, "percent_statements_covered": 0.0, "percent_statements_covered_display": "0"}, "missing_lines": [131, 133, 134, 139, 140, 141, 142, 144, 152, 158, 159, 161, 164, 165, 167, 168, 169, 170, 171, 172, 174, 175, 177, 185, 186, 187, 188], "excluded_lines": [], "start_line": 129}, "OpenAIProviderAdapter.get_capabilities": {"executed_lines": [], "summary": {"covered_lines": 0, "num_statements": 1, "percent_covered": 0.0, "percent_covered_display": "0", "missing_lines": 1, "excluded_lines": 0, "percent_statements_covered": 0.0, "percent_statements_covered_display": "0"}, "missing_lines": [199], "excluded_lines": [], "start_line": 197}, "": {"executed_lines": [3, 4, 5, 6, 7, 12, 15, 18, 28, 102, 129, 197], "summary": {"covered_lines": 12, "num_statements": 12, "percent_covered": 100.0, "percent_covered_display": "100", "missing_lines": 0, "excluded_lines": 0, "percent_statements_covered": 100.0, "percent_statements_covered_display": "100"}, "missing_lines": [], "excluded_lines": [], "start_line": 1}}, "classes": {"OpenAIProviderAdapter": {"executed_lines": [], "summary": {"covered_lines": 0, "num_statements": 54, "percent_covered": 0.0, "percent_covered_display": "0", "missing_lines": 54, "excluded_lines": 0, "percent_statements_covered": 0.0, "percent_statements_covered_display": "0"}, "missing_lines": [20, 21, 22, 23, 24, 25, 26, 30, 31, 38, 77, 78, 79, 92, 94, 95, 96, 98, 99, 100, 104, 105, 110, 115, 121, 122, 131, 133, 134, 139, 140, 141, 142, 144, 152, 158, 159, 161, 164, 165, 167, 168, 169, 170, 171, 172, 174, 175, 177, 185, 186, 187, 188, 199], "excluded_lines": [], "start_line": 15}, "": {"executed_lines": [3, 4, 5, 6, 7, 12, 15, 18, 28, 102, 129, 197], "summary": {"covered_lines": 12, "num_statements": 12, "percent_covered": 100.0, "percent_covered_display": "100", "missing_lines": 0, "excluded_lines": 0, "percent_statements_covered": 100.0, "percent_statements_covered_display": "100"}, "missing_lines": [], "excluded_lines": [], "start_line": 1}}}, "vetinari\\adapters\\registry.py": {"executed_lines": [3, 4, 5, 6, 7, 8, 9, 10, 12, 15, 26, 34, 36, 37, 48, 49, 75, 76, 78, 80, 81, 85, 86, 90, 91, 109, 110, 129, 130, 155, 156, 161, 162], "summary": {"covered_lines": 33, "num_statements": 83, "percent_covered": 39.75903614457831, "percent_covered_display": "40", "missing_lines": 50, "excluded_lines": 0, "percent_statements_covered": 39.75903614457831, "percent_statements_covered_display": "40"}, "missing_lines": [45, 46, 63, 64, 66, 67, 69, 70, 71, 73, 83, 88, 98, 99, 100, 101, 102, 103, 104, 105, 106, 107, 117, 118, 119, 120, 121, 122, 123, 124, 125, 126, 127, 140, 141, 142, 144, 145, 146, 147, 148, 149, 150, 151, 153, 158, 159, 163, 164, 165], "excluded_lines": [], "functions": {"AdapterRegistry.register_adapter": {"executed_lines": [], "summary": {"covered_lines": 0, "num_statements": 2, "percent_covered": 0.0, "percent_covered_display": "0", "missing_lines": 2, "excluded_lines": 0, "percent_statements_covered": 0.0, "percent_statements_covered_display": "0"}, "missing_lines": [45, 46], "excluded_lines": [], "start_line": 37}, "AdapterRegistry.create_adapter": {"executed_lines": [], "summary": {"covered_lines": 0, "num_statements": 8, "percent_covered": 0.0, "percent_covered_display": "0", "missing_lines": 8, "excluded_lines": 0, "percent_statements_covered": 0.0, "percent_statements_covered_display": "0"}, "missing_lines": [63, 64, 66, 67, 69, 70, 71, 73], "excluded_lines": [], "start_line": 49}, "AdapterRegistry.get_adapter": {"executed_lines": [78], "summary": {"covered_lines": 1, "num_statements": 1, "percent_covered": 100.0, "percent_covered_display": "100", "missing_lines": 0, "excluded_lines": 0, "percent_statements_covered": 100.0, "percent_statements_covered_display": "100"}, "missing_lines": [], "excluded_lines": [], "start_line": 76}, "AdapterRegistry.list_adapters": {"executed_lines": [], "summary": {"covered_lines": 0, "num_statements": 1, "percent_covered": 0.0, "percent_covered_display": "0", "missing_lines": 1, "excluded_lines": 0, "percent_statements_covered": 0.0, "percent_statements_covered_display": "0"}, "missing_lines": [83], "excluded_lines": [], "start_line": 81}, "AdapterRegistry.list_supported_providers": {"executed_lines": [], "summary": {"covered_lines": 0, "num_statements": 1, "percent_covered": 0.0, "percent_covered_display": "0", "missing_lines": 1, "excluded_lines": 0, "percent_statements_covered": 0.0, "percent_statements_covered_display": "0"}, "missing_lines": [88], "excluded_lines": [], "start_line": 86}, "AdapterRegistry.discover_all_models": {"executed_lines": [], "summary": {"covered_lines": 0, "num_statements": 10, "percent_covered": 0.0, "percent_covered_display": "0", "missing_lines": 10, "excluded_lines": 0, "percent_statements_covered": 0.0, "percent_statements_covered_display": "0"}, "missing_lines": [98, 99, 100, 101, 102, 103, 104, 105, 106, 107], "excluded_lines": [], "start_line": 91}, "AdapterRegistry.health_check_all": {"executed_lines": [], "summary": {"covered_lines": 0, "num_statements": 11, "percent_covered": 0.0, "percent_covered_display": "0", "missing_lines": 11, "excluded_lines": 0, "percent_statements_covered": 0.0, "percent_statements_covered_display": "0"}, "missing_lines": [117, 118, 119, 120, 121, 122, 123, 124, 125, 126, 127], "excluded_lines": [], "start_line": 110}, "AdapterRegistry.find_best_model": {"executed_lines": [], "summary": {"covered_lines": 0, "num_statements": 12, "percent_covered": 0.0, "percent_covered_display": "0", "missing_lines": 12, "excluded_lines": 0, "percent_statements_covered": 0.0, "percent_statements_covered_display": "0"}, "missing_lines": [140, 141, 142, 144, 145, 146, 147, 148, 149, 150, 151, 153], "excluded_lines": [], "start_line": 130}, "AdapterRegistry.clear_instances": {"executed_lines": [], "summary": {"covered_lines": 0, "num_statements": 2, "percent_covered": 0.0, "percent_covered_display": "0", "missing_lines": 2, "excluded_lines": 0, "percent_statements_covered": 0.0, "percent_statements_covered_display": "0"}, "missing_lines": [158, 159], "excluded_lines": [], "start_line": 156}, "AdapterRegistry.__repr__": {"executed_lines": [], "summary": {"covered_lines": 0, "num_statements": 3, "percent_covered": 0.0, "percent_covered_display": "0", "missing_lines": 3, "excluded_lines": 0, "percent_statements_covered": 0.0, "percent_statements_covered_display": "0"}, "missing_lines": [163, 164, 165], "excluded_lines": [], "start_line": 162}, "": {"executed_lines": [3, 4, 5, 6, 7, 8, 9, 10, 12, 15, 26, 34, 36, 37, 48, 49, 75, 76, 80, 81, 85, 86, 90, 91, 109, 110, 129, 130, 155, 156, 161, 162], "summary": {"covered_lines": 32, "num_statements": 32, "percent_covered": 100.0, "percent_covered_display": "100", "missing_lines": 0, "excluded_lines": 0, "percent_statements_covered": 100.0, "percent_statements_covered_display": "100"}, "missing_lines": [], "excluded_lines": [], "start_line": 1}}, "classes": {"AdapterRegistry": {"executed_lines": [78], "summary": {"covered_lines": 1, "num_statements": 51, "percent_covered": 1.9607843137254901, "percent_covered_display": "2", "missing_lines": 50, "excluded_lines": 0, "percent_statements_covered": 1.9607843137254901, "percent_statements_covered_display": "2"}, "missing_lines": [45, 46, 63, 64, 66, 67, 69, 70, 71, 73, 83, 88, 98, 99, 100, 101, 102, 103, 104, 105, 106, 107, 117, 118, 119, 120, 121, 122, 123, 124, 125, 126, 127, 140, 141, 142, 144, 145, 146, 147, 148, 149, 150, 151, 153, 158, 159, 163, 164, 165], "excluded_lines": [], "start_line": 15}, "": {"executed_lines": [3, 4, 5, 6, 7, 8, 9, 10, 12, 15, 26, 34, 36, 37, 48, 49, 75, 76, 80, 81, 85, 86, 90, 91, 109, 110, 129, 130, 155, 156, 161, 162], "summary": {"covered_lines": 32, "num_statements": 32, "percent_covered": 100.0, "percent_covered_display": "100", "missing_lines": 0, "excluded_lines": 0, "percent_statements_covered": 100.0, "percent_statements_covered_display": "100"}, "missing_lines": [], "excluded_lines": [], "start_line": 1}}}, "vetinari\\adr.py": {"executed_lines": [], "summary": {"covered_lines": 0, "num_statements": 132, "percent_covered": 0.0, "percent_covered_display": "0", "missing_lines": 132, "excluded_lines": 0, "percent_statements_covered": 0.0, "percent_statements_covered_display": "0"}, "missing_lines": [1, 2, 3, 4, 5, 6, 7, 10, 11, 12, 13, 14, 15, 18, 19, 20, 21, 22, 23, 24, 25, 26, 29, 36, 37, 43, 44, 45, 46, 47, 48, 49, 51, 52, 67, 68, 69, 85, 86, 89, 90, 93, 94, 96, 97, 98, 99, 100, 102, 103, 104, 106, 107, 108, 109, 111, 112, 113, 114, 115, 116, 117, 118, 119, 121, 122, 123, 124, 126, 128, 129, 131, 143, 144, 145, 147, 148, 150, 151, 153, 154, 155, 156, 158, 159, 161, 162, 163, 164, 166, 167, 168, 170, 171, 172, 174, 175, 176, 177, 179, 180, 181, 182, 183, 184, 186, 187, 188, 190, 191, 192, 193, 194, 195, 197, 198, 200, 221, 223, 230, 231, 233, 237, 246, 247, 254, 255, 256, 258, 259, 261, 264], "excluded_lines": [], "functions": {"ADR.to_dict": {"executed_lines": [], "summary": {"covered_lines": 0, "num_statements": 1, "percent_covered": 0.0, "percent_covered_display": "0", "missing_lines": 1, "excluded_lines": 0, "percent_statements_covered": 0.0, "percent_statements_covered_display": "0"}, "missing_lines": [52], "excluded_lines": [], "start_line": 51}, "ADR.from_dict": {"executed_lines": [], "summary": {"covered_lines": 0, "num_statements": 1, "percent_covered": 0.0, "percent_covered_display": "0", "missing_lines": 1, "excluded_lines": 0, "percent_statements_covered": 0.0, "percent_statements_covered_display": "0"}, "missing_lines": [69], "excluded_lines": [], "start_line": 68}, "ADRSystem.get_instance": {"executed_lines": [], "summary": {"covered_lines": 0, "num_statements": 3, "percent_covered": 0.0, "percent_covered_display": "0", "missing_lines": 3, "excluded_lines": 0, "percent_statements_covered": 0.0, "percent_statements_covered_display": "0"}, "missing_lines": [98, 99, 100], "excluded_lines": [], "start_line": 97}, "ADRSystem.__init__": {"executed_lines": [], "summary": {"covered_lines": 0, "num_statements": 6, "percent_covered": 0.0, "percent_covered_display": "0", "missing_lines": 6, "excluded_lines": 0, "percent_statements_covered": 0.0, "percent_statements_covered_display": "0"}, "missing_lines": [103, 104, 106, 107, 108, 109], "excluded_lines": [], "start_line": 102}, "ADRSystem._load_adrs": {"executed_lines": [], "summary": {"covered_lines": 0, "num_statements": 8, "percent_covered": 0.0, "percent_covered_display": "0", "missing_lines": 8, "excluded_lines": 0, "percent_statements_covered": 0.0, "percent_statements_covered_display": "0"}, "missing_lines": [112, 113, 114, 115, 116, 117, 118, 119], "excluded_lines": [], "start_line": 111}, "ADRSystem._save_adr": {"executed_lines": [], "summary": {"covered_lines": 0, "num_statements": 3, "percent_covered": 0.0, "percent_covered_display": "0", "missing_lines": 3, "excluded_lines": 0, "percent_statements_covered": 0.0, "percent_statements_covered_display": "0"}, "missing_lines": [122, 123, 124], "excluded_lines": [], "start_line": 121}, "ADRSystem.create_adr": {"executed_lines": [], "summary": {"covered_lines": 0, "num_statements": 6, "percent_covered": 0.0, "percent_covered_display": "0", "missing_lines": 6, "excluded_lines": 0, "percent_statements_covered": 0.0, "percent_statements_covered_display": "0"}, "missing_lines": [128, 129, 131, 143, 144, 145], "excluded_lines": [], "start_line": 126}, "ADRSystem.get_adr": {"executed_lines": [], "summary": {"covered_lines": 0, "num_statements": 1, "percent_covered": 0.0, "percent_covered_display": "0", "missing_lines": 1, "excluded_lines": 0, "percent_statements_covered": 0.0, "percent_statements_covered_display": "0"}, "missing_lines": [148], "excluded_lines": [], "start_line": 147}, "ADRSystem.list_adrs": {"executed_lines": [], "summary": {"covered_lines": 0, "num_statements": 7, "percent_covered": 0.0, "percent_covered_display": "0", "missing_lines": 7, "excluded_lines": 0, "percent_statements_covered": 0.0, "percent_statements_covered_display": "0"}, "missing_lines": [151, 153, 154, 155, 156, 158, 159], "excluded_lines": [], "start_line": 150}, "ADRSystem.update_adr": {"executed_lines": [], "summary": {"covered_lines": 0, "num_statements": 9, "percent_covered": 0.0, "percent_covered_display": "0", "missing_lines": 9, "excluded_lines": 0, "percent_statements_covered": 0.0, "percent_statements_covered_display": "0"}, "missing_lines": [162, 163, 164, 166, 167, 168, 170, 171, 172], "excluded_lines": [], "start_line": 161}, "ADRSystem.deprecate_adr": {"executed_lines": [], "summary": {"covered_lines": 0, "num_statements": 12, "percent_covered": 0.0, "percent_covered_display": "0", "missing_lines": 12, "excluded_lines": 0, "percent_statements_covered": 0.0, "percent_statements_covered_display": "0"}, "missing_lines": [175, 176, 177, 179, 180, 181, 182, 183, 184, 186, 187, 188], "excluded_lines": [], "start_line": 174}, "ADRSystem.is_high_stakes": {"executed_lines": [], "summary": {"covered_lines": 0, "num_statements": 5, "percent_covered": 0.0, "percent_covered_display": "0", "missing_lines": 5, "excluded_lines": 0, "percent_statements_covered": 0.0, "percent_statements_covered_display": "0"}, "missing_lines": [191, 192, 193, 194, 195], "excluded_lines": [], "start_line": 190}, "ADRSystem.generate_proposal": {"executed_lines": [], "summary": {"covered_lines": 0, "num_statements": 4, "percent_covered": 0.0, "percent_covered_display": "0", "missing_lines": 4, "excluded_lines": 0, "percent_statements_covered": 0.0, "percent_statements_covered_display": "0"}, "missing_lines": [198, 200, 221, 223], "excluded_lines": [], "start_line": 197}, "ADRSystem.accept_proposal": {"executed_lines": [], "summary": {"covered_lines": 0, "num_statements": 3, "percent_covered": 0.0, "percent_covered_display": "0", "missing_lines": 3, "excluded_lines": 0, "percent_statements_covered": 0.0, "percent_statements_covered_display": "0"}, "missing_lines": [231, 233, 237], "excluded_lines": [], "start_line": 230}, "ADRSystem.get_statistics": {"executed_lines": [], "summary": {"covered_lines": 0, "num_statements": 7, "percent_covered": 0.0, "percent_covered_display": "0", "missing_lines": 7, "excluded_lines": 0, "percent_statements_covered": 0.0, "percent_statements_covered_display": "0"}, "missing_lines": [247, 254, 255, 256, 258, 259, 261], "excluded_lines": [], "start_line": 246}, "": {"executed_lines": [], "summary": {"covered_lines": 0, "num_statements": 56, "percent_covered": 0.0, "percent_covered_display": "0", "missing_lines": 56, "excluded_lines": 0, "percent_statements_covered": 0.0, "percent_statements_covered_display": "0"}, "missing_lines": [1, 2, 3, 4, 5, 6, 7, 10, 11, 12, 13, 14, 15, 18, 19, 20, 21, 22, 23, 24, 25, 26, 29, 36, 37, 43, 44, 45, 46, 47, 48, 49, 51, 67, 68, 85, 86, 89, 90, 93, 94, 96, 97, 102, 111, 121, 126, 147, 150, 161, 174, 190, 197, 230, 246, 264], "excluded_lines": [], "start_line": 1}}, "classes": {"ADRStatus": {"executed_lines": [], "summary": {"covered_lines": 0, "num_statements": 0, "percent_covered": 100.0, "percent_covered_display": "100", "missing_lines": 0, "excluded_lines": 0, "percent_statements_covered": 100.0, "percent_statements_covered_display": "100"}, "missing_lines": [], "excluded_lines": [], "start_line": 10}, "ADRCategory": {"executed_lines": [], "summary": {"covered_lines": 0, "num_statements": 0, "percent_covered": 100.0, "percent_covered_display": "100", "missing_lines": 0, "excluded_lines": 0, "percent_statements_covered": 100.0, "percent_statements_covered_display": "100"}, "missing_lines": [], "excluded_lines": [], "start_line": 18}, "ADR": {"executed_lines": [], "summary": {"covered_lines": 0, "num_statements": 2, "percent_covered": 0.0, "percent_covered_display": "0", "missing_lines": 2, "excluded_lines": 0, "percent_statements_covered": 0.0, "percent_statements_covered_display": "0"}, "missing_lines": [52, 69], "excluded_lines": [], "start_line": 37}, "ADRProposal": {"executed_lines": [], "summary": {"covered_lines": 0, "num_statements": 0, "percent_covered": 100.0, "percent_covered_display": "100", "missing_lines": 0, "excluded_lines": 0, "percent_statements_covered": 100.0, "percent_statements_covered_display": "100"}, "missing_lines": [], "excluded_lines": [], "start_line": 86}, "ADRSystem": {"executed_lines": [], "summary": {"covered_lines": 0, "num_statements": 74, "percent_covered": 0.0, "percent_covered_display": "0", "missing_lines": 74, "excluded_lines": 0, "percent_statements_covered": 0.0, "percent_statements_covered_display": "0"}, "missing_lines": [98, 99, 100, 103, 104, 106, 107, 108, 109, 112, 113, 114, 115, 116, 117, 118, 119, 122, 123, 124, 128, 129, 131, 143, 144, 145, 148, 151, 153, 154, 155, 156, 158, 159, 162, 163, 164, 166, 167, 168, 170, 171, 172, 175, 176, 177, 179, 180, 181, 182, 183, 184, 186, 187, 188, 191, 192, 193, 194, 195, 198, 200, 221, 223, 231, 233, 237, 247, 254, 255, 256, 258, 259, 261], "excluded_lines": [], "start_line": 93}, "": {"executed_lines": [], "summary": {"covered_lines": 0, "num_statements": 56, "percent_covered": 0.0, "percent_covered_display": "0", "missing_lines": 56, "excluded_lines": 0, "percent_statements_covered": 0.0, "percent_statements_covered_display": "0"}, "missing_lines": [1, 2, 3, 4, 5, 6, 7, 10, 11, 12, 13, 14, 15, 18, 19, 20, 21, 22, 23, 24, 25, 26, 29, 36, 37, 43, 44, 45, 46, 47, 48, 49, 51, 67, 68, 85, 86, 89, 90, 93, 94, 96, 97, 102, 111, 121, 126, 147, 150, 161, 174, 190, 197, 230, 246, 264], "excluded_lines": [], "start_line": 1}}}, "vetinari\\agents\\__init__.py": {"executed_lines": [7, 8, 23, 24, 25, 28, 29, 30, 31, 32, 33, 36, 37, 38, 39, 40, 41, 44, 54], "summary": {"covered_lines": 19, "num_statements": 19, "percent_covered": 100.0, "percent_covered_display": "100", "missing_lines": 0, "excluded_lines": 0, "percent_statements_covered": 100.0, "percent_statements_covered_display": "100"}, "missing_lines": [], "excluded_lines": [], "functions": {"": {"executed_lines": [7, 8, 23, 24, 25, 28, 29, 30, 31, 32, 33, 36, 37, 38, 39, 40, 41, 44, 54], "summary": {"covered_lines": 19, "num_statements": 19, "percent_covered": 100.0, "percent_covered_display": "100", "missing_lines": 0, "excluded_lines": 0, "percent_statements_covered": 100.0, "percent_statements_covered_display": "100"}, "missing_lines": [], "excluded_lines": [], "start_line": 1}}, "classes": {"": {"executed_lines": [7, 8, 23, 24, 25, 28, 29, 30, 31, 32, 33, 36, 37, 38, 39, 40, 41, 44, 54], "summary": {"covered_lines": 19, "num_statements": 19, "percent_covered": 100.0, "percent_covered_display": "100", "missing_lines": 0, "excluded_lines": 0, "percent_statements_covered": 100.0, "percent_statements_covered_display": "100"}, "missing_lines": [], "excluded_lines": [], "start_line": 1}}}, "vetinari\\agents\\base_agent.py": {"executed_lines": [8, 10, 11, 12, 13, 15, 24, 27, 36, 43, 44, 45, 46, 47, 49, 50, 52, 54, 55, 57, 59, 60, 62, 64, 65, 67, 69, 70, 72, 74, 75, 77, 79, 86, 87, 88, 90, 92, 98, 100, 101, 112, 113, 124, 125, 133, 141, 147, 157, 166, 167, 168, 169, 171, 182, 183, 184, 186, 187, 189, 201, 202, 203, 205, 207, 208, 211, 217, 228], "summary": {"covered_lines": 69, "num_statements": 76, "percent_covered": 90.78947368421052, "percent_covered_display": "91", "missing_lines": 7, "excluded_lines": 0, "percent_statements_covered": 90.78947368421052, "percent_statements_covered_display": "91"}, "missing_lines": [110, 122, 131, 139, 204, 226, 237], "excluded_lines": [], "functions": {"BaseAgent.__init__": {"executed_lines": [43, 44, 45, 46, 47], "summary": {"covered_lines": 5, "num_statements": 5, "percent_covered": 100.0, "percent_covered_display": "100", "missing_lines": 0, "excluded_lines": 0, "percent_statements_covered": 100.0, "percent_statements_covered_display": "100"}, "missing_lines": [], "excluded_lines": [], "start_line": 36}, "BaseAgent.agent_type": {"executed_lines": [52], "summary": {"covered_lines": 1, "num_statements": 1, "percent_covered": 100.0, "percent_covered_display": "100", "missing_lines": 0, "excluded_lines": 0, "percent_statements_covered": 100.0, "percent_statements_covered_display": "100"}, "missing_lines": [], "excluded_lines": [], "start_line": 50}, "BaseAgent.name": {"executed_lines": [57], "summary": {"covered_lines": 1, "num_statements": 1, "percent_covered": 100.0, "percent_covered_display": "100", "missing_lines": 0, "excluded_lines": 0, "percent_statements_covered": 100.0, "percent_statements_covered_display": "100"}, "missing_lines": [], "excluded_lines": [], "start_line": 55}, "BaseAgent.description": {"executed_lines": [62], "summary": {"covered_lines": 1, "num_statements": 1, "percent_covered": 100.0, "percent_covered_display": "100", "missing_lines": 0, "excluded_lines": 0, "percent_statements_covered": 100.0, "percent_statements_covered_display": "100"}, "missing_lines": [], "excluded_lines": [], "start_line": 60}, "BaseAgent.default_model": {"executed_lines": [67], "summary": {"covered_lines": 1, "num_statements": 1, "percent_covered": 100.0, "percent_covered_display": "100", "missing_lines": 0, "excluded_lines": 0, "percent_statements_covered": 100.0, "percent_statements_covered_display": "100"}, "missing_lines": [], "excluded_lines": [], "start_line": 65}, "BaseAgent.thinking_variant": {"executed_lines": [72], "summary": {"covered_lines": 1, "num_statements": 1, "percent_covered": 100.0, "percent_covered_display": "100", "missing_lines": 0, "excluded_lines": 0, "percent_statements_covered": 100.0, "percent_statements_covered_display": "100"}, "missing_lines": [], "excluded_lines": [], "start_line": 70}, "BaseAgent.is_initialized": {"executed_lines": [77], "summary": {"covered_lines": 1, "num_statements": 1, "percent_covered": 100.0, "percent_covered_display": "100", "missing_lines": 0, "excluded_lines": 0, "percent_statements_covered": 100.0, "percent_statements_covered_display": "100"}, "missing_lines": [], "excluded_lines": [], "start_line": 75}, "BaseAgent.initialize": {"executed_lines": [86, 87, 88], "summary": {"covered_lines": 3, "num_statements": 3, "percent_covered": 100.0, "percent_covered_display": "100", "missing_lines": 0, "excluded_lines": 0, "percent_statements_covered": 100.0, "percent_statements_covered_display": "100"}, "missing_lines": [], "excluded_lines": [], "start_line": 79}, "BaseAgent._log": {"executed_lines": [92, 98], "summary": {"covered_lines": 2, "num_statements": 2, "percent_covered": 100.0, "percent_covered_display": "100", "missing_lines": 0, "excluded_lines": 0, "percent_statements_covered": 100.0, "percent_statements_covered_display": "100"}, "missing_lines": [], "excluded_lines": [], "start_line": 90}, "BaseAgent.execute": {"executed_lines": [], "summary": {"covered_lines": 0, "num_statements": 1, "percent_covered": 0.0, "percent_covered_display": "0", "missing_lines": 1, "excluded_lines": 0, "percent_statements_covered": 0.0, "percent_statements_covered_display": "0"}, "missing_lines": [110], "excluded_lines": [], "start_line": 101}, "BaseAgent.verify": {"executed_lines": [], "summary": {"covered_lines": 0, "num_statements": 1, "percent_covered": 0.0, "percent_covered_display": "0", "missing_lines": 1, "excluded_lines": 0, "percent_statements_covered": 0.0, "percent_statements_covered_display": "0"}, "missing_lines": [122], "excluded_lines": [], "start_line": 113}, "BaseAgent.get_system_prompt": {"executed_lines": [], "summary": {"covered_lines": 0, "num_statements": 1, "percent_covered": 0.0, "percent_covered_display": "0", "missing_lines": 1, "excluded_lines": 0, "percent_statements_covered": 0.0, "percent_statements_covered_display": "0"}, "missing_lines": [131], "excluded_lines": [], "start_line": 125}, "BaseAgent.get_capabilities": {"executed_lines": [], "summary": {"covered_lines": 0, "num_statements": 1, "percent_covered": 0.0, "percent_covered_display": "0", "missing_lines": 1, "excluded_lines": 0, "percent_statements_covered": 0.0, "percent_statements_covered_display": "0"}, "missing_lines": [139], "excluded_lines": [], "start_line": 133}, "BaseAgent.get_metadata": {"executed_lines": [147], "summary": {"covered_lines": 1, "num_statements": 1, "percent_covered": 100.0, "percent_covered_display": "100", "missing_lines": 0, "excluded_lines": 0, "percent_statements_covered": 100.0, "percent_statements_covered_display": "100"}, "missing_lines": [], "excluded_lines": [], "start_line": 141}, "BaseAgent.validate_task": {"executed_lines": [166, 167, 168, 169], "summary": {"covered_lines": 4, "num_statements": 4, "percent_covered": 100.0, "percent_covered_display": "100", "missing_lines": 0, "excluded_lines": 0, "percent_statements_covered": 100.0, "percent_statements_covered_display": "100"}, "missing_lines": [], "excluded_lines": [], "start_line": 157}, "BaseAgent.prepare_task": {"executed_lines": [182, 183, 184, 186, 187], "summary": {"covered_lines": 5, "num_statements": 5, "percent_covered": 100.0, "percent_covered_display": "100", "missing_lines": 0, "excluded_lines": 0, "percent_statements_covered": 100.0, "percent_statements_covered_display": "100"}, "missing_lines": [], "excluded_lines": [], "start_line": 171}, "BaseAgent.complete_task": {"executed_lines": [201, 202, 203, 205], "summary": {"covered_lines": 4, "num_statements": 5, "percent_covered": 80.0, "percent_covered_display": "80", "missing_lines": 1, "excluded_lines": 0, "percent_statements_covered": 80.0, "percent_statements_covered_display": "80"}, "missing_lines": [204], "excluded_lines": [], "start_line": 189}, "BaseAgent.__repr__": {"executed_lines": [208], "summary": {"covered_lines": 1, "num_statements": 1, "percent_covered": 100.0, "percent_covered_display": "100", "missing_lines": 0, "excluded_lines": 0, "percent_statements_covered": 100.0, "percent_statements_covered_display": "100"}, "missing_lines": [], "excluded_lines": [], "start_line": 207}, "AsyncBaseAgent.execute_async": {"executed_lines": [], "summary": {"covered_lines": 0, "num_statements": 1, "percent_covered": 0.0, "percent_covered_display": "0", "missing_lines": 1, "excluded_lines": 0, "percent_statements_covered": 0.0, "percent_statements_covered_display": "0"}, "missing_lines": [226], "excluded_lines": [], "start_line": 217}, "AsyncBaseAgent.verify_async": {"executed_lines": [], "summary": {"covered_lines": 0, "num_statements": 1, "percent_covered": 0.0, "percent_covered_display": "0", "missing_lines": 1, "excluded_lines": 0, "percent_statements_covered": 0.0, "percent_statements_covered_display": "0"}, "missing_lines": [237], "excluded_lines": [], "start_line": 228}, "": {"executed_lines": [8, 10, 11, 12, 13, 15, 24, 27, 36, 49, 50, 54, 55, 59, 60, 64, 65, 69, 70, 74, 75, 79, 90, 100, 101, 112, 113, 124, 125, 133, 141, 157, 171, 189, 207, 211, 217, 228], "summary": {"covered_lines": 38, "num_statements": 38, "percent_covered": 100.0, "percent_covered_display": "100", "missing_lines": 0, "excluded_lines": 0, "percent_statements_covered": 100.0, "percent_statements_covered_display": "100"}, "missing_lines": [], "excluded_lines": [], "start_line": 1}}, "classes": {"BaseAgent": {"executed_lines": [43, 44, 45, 46, 47, 52, 57, 62, 67, 72, 77, 86, 87, 88, 92, 98, 147, 166, 167, 168, 169, 182, 183, 184, 186, 187, 201, 202, 203, 205, 208], "summary": {"covered_lines": 31, "num_statements": 36, "percent_covered": 86.11111111111111, "percent_covered_display": "86", "missing_lines": 5, "excluded_lines": 0, "percent_statements_covered": 86.11111111111111, "percent_statements_covered_display": "86"}, "missing_lines": [110, 122, 131, 139, 204], "excluded_lines": [], "start_line": 27}, "AsyncBaseAgent": {"executed_lines": [], "summary": {"covered_lines": 0, "num_statements": 2, "percent_covered": 0.0, "percent_covered_display": "0", "missing_lines": 2, "excluded_lines": 0, "percent_statements_covered": 0.0, "percent_statements_covered_display": "0"}, "missing_lines": [226, 237], "excluded_lines": [], "start_line": 211}, "": {"executed_lines": [8, 10, 11, 12, 13, 15, 24, 27, 36, 49, 50, 54, 55, 59, 60, 64, 65, 69, 70, 74, 75, 79, 90, 100, 101, 112, 113, 124, 125, 133, 141, 157, 171, 189, 207, 211, 217, 228], "summary": {"covered_lines": 38, "num_statements": 38, "percent_covered": 100.0, "percent_covered_display": "100", "missing_lines": 0, "excluded_lines": 0, "percent_statements_covered": 100.0, "percent_statements_covered_display": "100"}, "missing_lines": [], "excluded_lines": [], "start_line": 1}}}, "vetinari\\agents\\builder_agent.py": {"executed_lines": [8, 10, 11, 19, 22, 23, 24, 26, 40, 41, 50, 93, 133, 267, 270, 273, 274, 275], "summary": {"covered_lines": 18, "num_statements": 55, "percent_covered": 32.72727272727273, "percent_covered_display": "33", "missing_lines": 37, "excluded_lines": 0, "percent_statements_covered": 32.72727272727273, "percent_statements_covered_display": "33"}, "missing_lines": [27, 59, 60, 66, 68, 69, 70, 73, 75, 85, 86, 87, 102, 103, 105, 106, 107, 108, 111, 112, 113, 116, 117, 118, 121, 122, 123, 126, 127, 128, 130, 131, 147, 173, 208, 236, 246], "excluded_lines": [], "functions": {"BuilderAgent.__init__": {"executed_lines": [23, 24], "summary": {"covered_lines": 2, "num_statements": 2, "percent_covered": 100.0, "percent_covered_display": "100", "missing_lines": 0, "excluded_lines": 0, "percent_statements_covered": 100.0, "percent_statements_covered_display": "100"}, "missing_lines": [], "excluded_lines": [], "start_line": 22}, "BuilderAgent.get_system_prompt": {"executed_lines": [], "summary": {"covered_lines": 0, "num_statements": 1, "percent_covered": 0.0, "percent_covered_display": "0", "missing_lines": 1, "excluded_lines": 0, "percent_statements_covered": 0.0, "percent_statements_covered_display": "0"}, "missing_lines": [27], "excluded_lines": [], "start_line": 26}, "BuilderAgent.get_capabilities": {"executed_lines": [41], "summary": {"covered_lines": 1, "num_statements": 1, "percent_covered": 100.0, "percent_covered_display": "100", "missing_lines": 0, "excluded_lines": 0, "percent_statements_covered": 100.0, "percent_statements_covered_display": "100"}, "missing_lines": [], "excluded_lines": [], "start_line": 40}, "BuilderAgent.execute": {"executed_lines": [], "summary": {"covered_lines": 0, "num_statements": 11, "percent_covered": 0.0, "percent_covered_display": "0", "missing_lines": 11, "excluded_lines": 0, "percent_statements_covered": 0.0, "percent_statements_covered_display": "0"}, "missing_lines": [59, 60, 66, 68, 69, 70, 73, 75, 85, 86, 87], "excluded_lines": [], "start_line": 50}, "BuilderAgent.verify": {"executed_lines": [], "summary": {"covered_lines": 0, "num_statements": 20, "percent_covered": 0.0, "percent_covered_display": "0", "missing_lines": 20, "excluded_lines": 0, "percent_statements_covered": 0.0, "percent_statements_covered_display": "0"}, "missing_lines": [102, 103, 105, 106, 107, 108, 111, 112, 113, 116, 117, 118, 121, 122, 123, 126, 127, 128, 130, 131], "excluded_lines": [], "start_line": 93}, "BuilderAgent._generate_scaffold": {"executed_lines": [], "summary": {"covered_lines": 0, "num_statements": 5, "percent_covered": 0.0, "percent_covered_display": "0", "missing_lines": 5, "excluded_lines": 0, "percent_statements_covered": 0.0, "percent_statements_covered_display": "0"}, "missing_lines": [147, 173, 208, 236, 246], "excluded_lines": [], "start_line": 133}, "get_builder_agent": {"executed_lines": [273, 274, 275], "summary": {"covered_lines": 3, "num_statements": 3, "percent_covered": 100.0, "percent_covered_display": "100", "missing_lines": 0, "excluded_lines": 0, "percent_statements_covered": 100.0, "percent_statements_covered_display": "100"}, "missing_lines": [], "excluded_lines": [], "start_line": 270}, "": {"executed_lines": [8, 10, 11, 19, 22, 26, 40, 50, 93, 133, 267, 270], "summary": {"covered_lines": 12, "num_statements": 12, "percent_covered": 100.0, "percent_covered_display": "100", "missing_lines": 0, "excluded_lines": 0, "percent_statements_covered": 100.0, "percent_statements_covered_display": "100"}, "missing_lines": [], "excluded_lines": [], "start_line": 1}}, "classes": {"BuilderAgent": {"executed_lines": [23, 24, 41], "summary": {"covered_lines": 3, "num_statements": 40, "percent_covered": 7.5, "percent_covered_display": "8", "missing_lines": 37, "excluded_lines": 0, "percent_statements_covered": 7.5, "percent_statements_covered_display": "8"}, "missing_lines": [27, 59, 60, 66, 68, 69, 70, 73, 75, 85, 86, 87, 102, 103, 105, 106, 107, 108, 111, 112, 113, 116, 117, 118, 121, 122, 123, 126, 127, 128, 130, 131, 147, 173, 208, 236, 246], "excluded_lines": [], "start_line": 19}, "": {"executed_lines": [8, 10, 11, 19, 22, 26, 40, 50, 93, 133, 267, 270, 273, 274, 275], "summary": {"covered_lines": 15, "num_statements": 15, "percent_covered": 100.0, "percent_covered_display": "100", "missing_lines": 0, "excluded_lines": 0, "percent_statements_covered": 100.0, "percent_statements_covered_display": "100"}, "missing_lines": [], "excluded_lines": [], "start_line": 1}}}, "vetinari\\agents\\coding_bridge.py": {"executed_lines": [12, 13, 14, 15, 16, 17, 18, 20, 23, 25, 26, 27, 28, 29, 30, 31, 34, 36, 37, 38, 39, 40, 43, 44, 46, 47, 48, 49, 50, 51, 52, 53, 54, 55, 56, 57, 58, 59, 62, 63, 67, 68, 69, 70, 73, 81, 82, 83, 84, 86, 88, 94, 102, 110, 111, 112, 115, 116, 130, 135, 136, 138, 139, 141, 143, 144, 147, 148, 151, 157, 166, 178, 183, 190, 192, 212, 222, 227, 231, 244, 254, 264, 267, 275], "summary": {"covered_lines": 84, "num_statements": 109, "percent_covered": 77.06422018348624, "percent_covered_display": "77", "missing_lines": 25, "excluded_lines": 0, "percent_statements_covered": 77.06422018348624, "percent_statements_covered_display": "77"}, "missing_lines": [90, 91, 92, 103, 104, 118, 204, 205, 206, 214, 216, 224, 225, 229, 234, 242, 246, 252, 256, 261, 270, 271, 272, 278, 279], "excluded_lines": [], "functions": {"CodingBridge.__init__": {"executed_lines": [82, 83, 84, 86], "summary": {"covered_lines": 4, "num_statements": 4, "percent_covered": 100.0, "percent_covered_display": "100", "missing_lines": 0, "excluded_lines": 0, "percent_statements_covered": 100.0, "percent_statements_covered_display": "100"}, "missing_lines": [], "excluded_lines": [], "start_line": 81}, "CodingBridge.is_available": {"executed_lines": [], "summary": {"covered_lines": 0, "num_statements": 3, "percent_covered": 0.0, "percent_covered_display": "0", "missing_lines": 3, "excluded_lines": 0, "percent_statements_covered": 0.0, "percent_statements_covered_display": "0"}, "missing_lines": [90, 91, 92], "excluded_lines": [], "start_line": 88}, "CodingBridge.generate_task": {"executed_lines": [102, 110, 111, 112, 115, 116], "summary": {"covered_lines": 6, "num_statements": 9, "percent_covered": 66.66666666666667, "percent_covered_display": "67", "missing_lines": 3, "excluded_lines": 0, "percent_statements_covered": 66.66666666666667, "percent_statements_covered_display": "67"}, "missing_lines": [103, 104, 118], "excluded_lines": [], "start_line": 94}, "CodingBridge._generate_scaffold": {"executed_lines": [135, 136, 138, 139, 141, 143, 144, 147, 148, 151, 157, 166, 178, 183, 190, 192], "summary": {"covered_lines": 16, "num_statements": 19, "percent_covered": 84.21052631578948, "percent_covered_display": "84", "missing_lines": 3, "excluded_lines": 0, "percent_statements_covered": 84.21052631578948, "percent_statements_covered_display": "84"}, "missing_lines": [204, 205, 206], "excluded_lines": [], "start_line": 130}, "CodingBridge.get_task_status": {"executed_lines": [], "summary": {"covered_lines": 0, "num_statements": 2, "percent_covered": 0.0, "percent_covered_display": "0", "missing_lines": 2, "excluded_lines": 0, "percent_statements_covered": 0.0, "percent_statements_covered_display": "0"}, "missing_lines": [214, 216], "excluded_lines": [], "start_line": 212}, "CodingBridge.cancel_task": {"executed_lines": [], "summary": {"covered_lines": 0, "num_statements": 2, "percent_covered": 0.0, "percent_covered_display": "0", "missing_lines": 2, "excluded_lines": 0, "percent_statements_covered": 0.0, "percent_statements_covered_display": "0"}, "missing_lines": [224, 225], "excluded_lines": [], "start_line": 222}, "CodingBridge.list_active_tasks": {"executed_lines": [], "summary": {"covered_lines": 0, "num_statements": 1, "percent_covered": 0.0, "percent_covered_display": "0", "missing_lines": 1, "excluded_lines": 0, "percent_statements_covered": 0.0, "percent_statements_covered_display": "0"}, "missing_lines": [229], "excluded_lines": [], "start_line": 227}, "CodingBridge.create_scaffold": {"executed_lines": [], "summary": {"covered_lines": 0, "num_statements": 2, "percent_covered": 0.0, "percent_covered_display": "0", "missing_lines": 2, "excluded_lines": 0, "percent_statements_covered": 0.0, "percent_statements_covered_display": "0"}, "missing_lines": [234, 242], "excluded_lines": [], "start_line": 231}, "CodingBridge.write_tests": {"executed_lines": [], "summary": {"covered_lines": 0, "num_statements": 2, "percent_covered": 0.0, "percent_covered_display": "0", "missing_lines": 2, "excluded_lines": 0, "percent_statements_covered": 0.0, "percent_statements_covered_display": "0"}, "missing_lines": [246, 252], "excluded_lines": [], "start_line": 244}, "CodingBridge.review_code": {"executed_lines": [], "summary": {"covered_lines": 0, "num_statements": 2, "percent_covered": 0.0, "percent_covered_display": "0", "missing_lines": 2, "excluded_lines": 0, "percent_statements_covered": 0.0, "percent_statements_covered_display": "0"}, "missing_lines": [256, 261], "excluded_lines": [], "start_line": 254}, "get_coding_bridge": {"executed_lines": [], "summary": {"covered_lines": 0, "num_statements": 3, "percent_covered": 0.0, "percent_covered_display": "0", "missing_lines": 3, "excluded_lines": 0, "percent_statements_covered": 0.0, "percent_statements_covered_display": "0"}, "missing_lines": [270, 271, 272], "excluded_lines": [], "start_line": 267}, "init_coding_bridge": {"executed_lines": [], "summary": {"covered_lines": 0, "num_statements": 2, "percent_covered": 0.0, "percent_covered_display": "0", "missing_lines": 2, "excluded_lines": 0, "percent_statements_covered": 0.0, "percent_statements_covered_display": "0"}, "missing_lines": [278, 279], "excluded_lines": [], "start_line": 275}, "": {"executed_lines": [12, 13, 14, 15, 16, 17, 18, 20, 23, 25, 26, 27, 28, 29, 30, 31, 34, 36, 37, 38, 39, 40, 43, 44, 46, 47, 48, 49, 50, 51, 52, 53, 54, 55, 56, 57, 58, 59, 62, 63, 67, 68, 69, 70, 73, 81, 88, 94, 130, 212, 222, 227, 231, 244, 254, 264, 267, 275], "summary": {"covered_lines": 58, "num_statements": 58, "percent_covered": 100.0, "percent_covered_display": "100", "missing_lines": 0, "excluded_lines": 0, "percent_statements_covered": 100.0, "percent_statements_covered_display": "100"}, "missing_lines": [], "excluded_lines": [], "start_line": 1}}, "classes": {"CodingTaskType": {"executed_lines": [], "summary": {"covered_lines": 0, "num_statements": 0, "percent_covered": 100.0, "percent_covered_display": "100", "missing_lines": 0, "excluded_lines": 0, "percent_statements_covered": 100.0, "percent_statements_covered_display": "100"}, "missing_lines": [], "excluded_lines": [], "start_line": 23}, "CodingTaskStatus": {"executed_lines": [], "summary": {"covered_lines": 0, "num_statements": 0, "percent_covered": 100.0, "percent_covered_display": "100", "missing_lines": 0, "excluded_lines": 0, "percent_statements_covered": 100.0, "percent_statements_covered_display": "100"}, "missing_lines": [], "excluded_lines": [], "start_line": 34}, "CodingTask": {"executed_lines": [], "summary": {"covered_lines": 0, "num_statements": 0, "percent_covered": 100.0, "percent_covered_display": "100", "missing_lines": 0, "excluded_lines": 0, "percent_statements_covered": 100.0, "percent_statements_covered_display": "100"}, "missing_lines": [], "excluded_lines": [], "start_line": 44}, "CodingResult": {"executed_lines": [], "summary": {"covered_lines": 0, "num_statements": 0, "percent_covered": 100.0, "percent_covered_display": "100", "missing_lines": 0, "excluded_lines": 0, "percent_statements_covered": 100.0, "percent_statements_covered_display": "100"}, "missing_lines": [], "excluded_lines": [], "start_line": 63}, "CodingBridge": {"executed_lines": [82, 83, 84, 86, 102, 110, 111, 112, 115, 116, 135, 136, 138, 139, 141, 143, 144, 147, 148, 151, 157, 166, 178, 183, 190, 192], "summary": {"covered_lines": 26, "num_statements": 46, "percent_covered": 56.52173913043478, "percent_covered_display": "57", "missing_lines": 20, "excluded_lines": 0, "percent_statements_covered": 56.52173913043478, "percent_statements_covered_display": "57"}, "missing_lines": [90, 91, 92, 103, 104, 118, 204, 205, 206, 214, 216, 224, 225, 229, 234, 242, 246, 252, 256, 261], "excluded_lines": [], "start_line": 73}, "": {"executed_lines": [12, 13, 14, 15, 16, 17, 18, 20, 23, 25, 26, 27, 28, 29, 30, 31, 34, 36, 37, 38, 39, 40, 43, 44, 46, 47, 48, 49, 50, 51, 52, 53, 54, 55, 56, 57, 58, 59, 62, 63, 67, 68, 69, 70, 73, 81, 88, 94, 130, 212, 222, 227, 231, 244, 254, 264, 267, 275], "summary": {"covered_lines": 58, "num_statements": 63, "percent_covered": 92.06349206349206, "percent_covered_display": "92", "missing_lines": 5, "excluded_lines": 0, "percent_statements_covered": 92.06349206349206, "percent_statements_covered_display": "92"}, "missing_lines": [270, 271, 272, 278, 279], "excluded_lines": [], "start_line": 1}}}, "vetinari\\agents\\contracts.py": {"executed_lines": [10, 12, 13, 14, 15, 16, 19, 21, 22, 23, 24, 25, 26, 27, 28, 29, 30, 31, 32, 33, 34, 35, 38, 40, 41, 42, 43, 44, 47, 49, 50, 53, 54, 56, 57, 58, 59, 60, 61, 62, 63, 65, 66, 77, 78, 79, 91, 92, 94, 95, 96, 97, 98, 99, 100, 101, 102, 103, 105, 106, 119, 120, 121, 135, 136, 138, 139, 140, 141, 142, 143, 144, 145, 146, 147, 148, 150, 165, 166, 168, 177, 178, 180, 181, 182, 183, 184, 185, 186, 187, 188, 189, 190, 191, 192, 194, 195, 211, 212, 213, 229, 230, 232, 239, 240, 242, 243, 244, 245, 246, 248, 258, 259, 261, 262, 263, 264, 266, 276, 385, 387, 390, 395], "summary": {"covered_lines": 123, "num_statements": 128, "percent_covered": 96.09375, "percent_covered_display": "96", "missing_lines": 5, "excluded_lines": 0, "percent_statements_covered": 96.09375, "percent_statements_covered_display": "96"}, "missing_lines": [151, 249, 267, 392, 397], "excluded_lines": [], "functions": {"AgentSpec.to_dict": {"executed_lines": [66], "summary": {"covered_lines": 1, "num_statements": 1, "percent_covered": 100.0, "percent_covered_display": "100", "missing_lines": 0, "excluded_lines": 0, "percent_statements_covered": 100.0, "percent_statements_covered_display": "100"}, "missing_lines": [], "excluded_lines": [], "start_line": 65}, "AgentSpec.from_dict": {"executed_lines": [79], "summary": {"covered_lines": 1, "num_statements": 1, "percent_covered": 100.0, "percent_covered_display": "100", "missing_lines": 0, "excluded_lines": 0, "percent_statements_covered": 100.0, "percent_statements_covered_display": "100"}, "missing_lines": [], "excluded_lines": [], "start_line": 78}, "Task.to_dict": {"executed_lines": [106], "summary": {"covered_lines": 1, "num_statements": 1, "percent_covered": 100.0, "percent_covered_display": "100", "missing_lines": 0, "excluded_lines": 0, "percent_statements_covered": 100.0, "percent_statements_covered_display": "100"}, "missing_lines": [], "excluded_lines": [], "start_line": 105}, "Task.from_dict": {"executed_lines": [121], "summary": {"covered_lines": 1, "num_statements": 1, "percent_covered": 100.0, "percent_covered_display": "100", "missing_lines": 0, "excluded_lines": 0, "percent_statements_covered": 100.0, "percent_statements_covered_display": "100"}, "missing_lines": [], "excluded_lines": [], "start_line": 120}, "
[...]
overed_display": "0"}, "missing_lines": [2789, 2790, 2791, 2792, 2793, 2794], "excluded_lines": [], "start_line": 2788}, "api_adr_is_high_stakes": {"executed_lines": [], "summary": {"covered_lines": 0, "num_statements": 7, "percent_covered": 0.0, "percent_covered_display": "0", "missing_lines": 7, "excluded_lines": 0, "percent_statements_covered": 0.0, "percent_statements_covered_display": "0"}, "missing_lines": [2799, 2800, 2801, 2802, 2803, 2804, 2805], "excluded_lines": [], "start_line": 2798}, "api_get_subtasks": {"executed_lines": [], "summary": {"covered_lines": 0, "num_statements": 9, "percent_covered": 0.0, "percent_covered_display": "0", "missing_lines": 9, "excluded_lines": 0, "percent_statements_covered": 0.0, "percent_statements_covered_display": "0"}, "missing_lines": [2812, 2813, 2814, 2816, 2817, 2819, 2821, 2826, 2827], "excluded_lines": [], "start_line": 2811}, "api_create_subtask": {"executed_lines": [], "summary": {"covered_lines": 0, "num_statements": 20, "percent_covered": 0.0, "percent_covered_display": "0", "missing_lines": 20, "excluded_lines": 0, "percent_statements_covered": 0.0, "percent_statements_covered_display": "0"}, "missing_lines": [2832, 2833, 2834, 2836, 2837, 2838, 2839, 2840, 2841, 2842, 2843, 2844, 2845, 2846, 2847, 2848, 2850, 2867, 2868, 2869], "excluded_lines": [], "start_line": 2831}, "api_update_subtask": {"executed_lines": [], "summary": {"covered_lines": 0, "num_statements": 9, "percent_covered": 0.0, "percent_covered_display": "0", "missing_lines": 9, "excluded_lines": 0, "percent_statements_covered": 0.0, "percent_statements_covered_display": "0"}, "missing_lines": [2874, 2875, 2876, 2878, 2880, 2881, 2883, 2884, 2885], "excluded_lines": [], "start_line": 2873}, "api_get_subtask_tree": {"executed_lines": [], "summary": {"covered_lines": 0, "num_statements": 7, "percent_covered": 0.0, "percent_covered_display": "0", "missing_lines": 7, "excluded_lines": 0, "percent_statements_covered": 0.0, "percent_statements_covered_display": "0"}, "missing_lines": [2890, 2891, 2893, 2894, 2896, 2902, 2903], "excluded_lines": [], "start_line": 2889}, "api_assignment_execute_pass": {"executed_lines": [], "summary": {"covered_lines": 0, "num_statements": 11, "percent_covered": 0.0, "percent_covered_display": "0", "missing_lines": 11, "excluded_lines": 0, "percent_statements_covered": 0.0, "percent_statements_covered_display": "0"}, "missing_lines": [2910, 2911, 2912, 2914, 2915, 2917, 2918, 2920, 2922, 2923, 2924], "excluded_lines": [], "start_line": 2909}, "api_get_assignments": {"executed_lines": [], "summary": {"covered_lines": 0, "num_statements": 9, "percent_covered": 0.0, "percent_covered_display": "0", "missing_lines": 9, "excluded_lines": 0, "percent_statements_covered": 0.0, "percent_statements_covered_display": "0"}, "missing_lines": [2929, 2930, 2932, 2934, 2935, 2936, 2945, 2950, 2951], "excluded_lines": [], "start_line": 2928}, "api_override_assignment": {"executed_lines": [], "summary": {"covered_lines": 0, "num_statements": 12, "percent_covered": 0.0, "percent_covered_display": "0", "missing_lines": 12, "excluded_lines": 0, "percent_statements_covered": 0.0, "percent_statements_covered_display": "0"}, "missing_lines": [2956, 2957, 2958, 2960, 2961, 2962, 2964, 2969, 2970, 2972, 2973, 2974], "excluded_lines": [], "start_line": 2955}, "api_template_versions": {"executed_lines": [], "summary": {"covered_lines": 0, "num_statements": 7, "percent_covered": 0.0, "percent_covered_display": "0", "missing_lines": 7, "excluded_lines": 0, "percent_statements_covered": 0.0, "percent_statements_covered_display": "0"}, "missing_lines": [2981, 2982, 2983, 2984, 2985, 2986, 2987], "excluded_lines": [], "start_line": 2980}, "api_templates": {"executed_lines": [], "summary": {"covered_lines": 0, "num_statements": 8, "percent_covered": 0.0, "percent_covered_display": "0", "missing_lines": 8, "excluded_lines": 0, "percent_statements_covered": 0.0, "percent_statements_covered_display": "0"}, "missing_lines": [2992, 2993, 2994, 2995, 2997, 2999, 3004, 3005], "excluded_lines": [], "start_line": 2991}, "api_migrate_templates": {"executed_lines": [], "summary": {"covered_lines": 0, "num_statements": 34, "percent_covered": 0.0, "percent_covered_display": "0", "missing_lines": 34, "excluded_lines": 0, "percent_statements_covered": 0.0, "percent_statements_covered_display": "0"}, "missing_lines": [3010, 3011, 3012, 3014, 3015, 3016, 3018, 3019, 3021, 3022, 3023, 3025, 3026, 3027, 3029, 3031, 3032, 3033, 3035, 3036, 3037, 3039, 3040, 3042, 3043, 3044, 3045, 3047, 3049, 3058, 3059, 3061, 3069, 3070], "excluded_lines": [], "start_line": 3009}, "api_ponder_choose_model": {"executed_lines": [], "summary": {"covered_lines": 0, "num_statements": 12, "percent_covered": 0.0, "percent_covered_display": "0", "missing_lines": 12, "excluded_lines": 0, "percent_statements_covered": 0.0, "percent_statements_covered_display": "0"}, "missing_lines": [3075, 3076, 3078, 3079, 3080, 3081, 3083, 3084, 3086, 3087, 3088, 3089], "excluded_lines": [], "start_line": 3074}, "api_ponder_templates": {"executed_lines": [], "summary": {"covered_lines": 0, "num_statements": 8, "percent_covered": 0.0, "percent_covered_display": "0", "missing_lines": 8, "excluded_lines": 0, "percent_statements_covered": 0.0, "percent_statements_covered_display": "0"}, "missing_lines": [3094, 3095, 3097, 3098, 3099, 3101, 3106, 3107], "excluded_lines": [], "start_line": 3093}, "api_ponder_models": {"executed_lines": [], "summary": {"covered_lines": 0, "num_statements": 6, "percent_covered": 0.0, "percent_covered_display": "0", "missing_lines": 6, "excluded_lines": 0, "percent_statements_covered": 0.0, "percent_statements_covered_display": "0"}, "missing_lines": [3112, 3113, 3115, 3116, 3120, 3121], "excluded_lines": [], "start_line": 3111}, "api_ponder_run_plan": {"executed_lines": [], "summary": {"covered_lines": 0, "num_statements": 8, "percent_covered": 0.0, "percent_covered_display": "0", "missing_lines": 8, "excluded_lines": 0, "percent_statements_covered": 0.0, "percent_statements_covered_display": "0"}, "missing_lines": [3126, 3127, 3129, 3131, 3132, 3134, 3135, 3136], "excluded_lines": [], "start_line": 3125}, "api_ponder_get_plan": {"executed_lines": [], "summary": {"covered_lines": 0, "num_statements": 6, "percent_covered": 0.0, "percent_covered_display": "0", "missing_lines": 6, "excluded_lines": 0, "percent_statements_covered": 0.0, "percent_statements_covered_display": "0"}, "missing_lines": [3141, 3142, 3144, 3145, 3146, 3147], "excluded_lines": [], "start_line": 3140}, "api_ponder_health": {"executed_lines": [], "summary": {"covered_lines": 0, "num_statements": 6, "percent_covered": 0.0, "percent_covered_display": "0", "missing_lines": 6, "excluded_lines": 0, "percent_statements_covered": 0.0, "percent_statements_covered_display": "0"}, "missing_lines": [3152, 3153, 3155, 3156, 3157, 3158], "excluded_lines": [], "start_line": 3151}, "": {"executed_lines": [], "summary": {"covered_lines": 0, "num_statements": 257, "percent_covered": 0.0, "percent_covered_display": "0", "missing_lines": 257, "excluded_lines": 0, "percent_statements_covered": 0.0, "percent_statements_covered_display": "0"}, "missing_lines": [1, 2, 3, 4, 5, 6, 7, 8, 9, 12, 14, 19, 20, 32, 35, 36, 38, 47, 55, 74, 86, 87, 88, 89, 91, 94, 95, 99, 100, 104, 105, 119, 120, 139, 140, 197, 198, 211, 212, 233, 234, 249, 250, 289, 290, 329, 330, 602, 603, 678, 679, 766, 767, 828, 829, 874, 875, 923, 924, 957, 958, 1025, 1026, 1043, 1044, 1148, 1149, 1165, 1166, 1185, 1186, 1196, 1197, 1216, 1217, 1245, 1246, 1276, 1277, 1289, 1290, 1312, 1313, 1322, 1323, 1406, 1407, 1416, 1417, 1438, 1439, 1478, 1479, 1511, 1512, 1540, 1541, 1557, 1558, 1647, 1648, 1662, 1663, 1710, 1711, 1756, 1757, 1780, 1781, 1819, 1820, 1851, 1852, 1863, 1864, 1881, 1882, 1912, 1913, 1937, 1938, 1953, 1954, 1969, 1970, 1974, 1975, 1996, 1997, 2015, 2016, 2051, 2052, 2074, 2075, 2087, 2088, 2109, 2110, 2127, 2128, 2144, 2145, 2163, 2164, 2176, 2177, 2191, 2192, 2202, 2203, 2219, 2220, 2236, 2237, 2253, 2254, 2270, 2271, 2294, 2295, 2306, 2307, 2319, 2320, 2334, 2335, 2344, 2345, 2357, 2358, 2372, 2373, 2389, 2390, 2399, 2400, 2413, 2414, 2437, 2438, 2461, 2462, 2483, 2484, 2505, 2506, 2520, 2521, 2555, 2556, 2583, 2584, 2600, 2601, 2627, 2628, 2645, 2646, 2663, 2664, 2677, 2678, 2706, 2707, 2722, 2723, 2740, 2741, 2761, 2762, 2787, 2788, 2797, 2798, 2810, 2811, 2830, 2831, 2872, 2873, 2888, 2889, 2908, 2909, 2927, 2928, 2954, 2955, 2979, 2980, 2990, 2991, 3008, 3009, 3073, 3074, 3092, 3093, 3110, 3111, 3124, 3125, 3139, 3140, 3150, 3151, 3162, 3163, 3164, 3165, 3166, 3167, 3168, 3169, 3172, 3173], "excluded_lines": [], "start_line": 1}}, "classes": {"": {"executed_lines": [], "summary": {"covered_lines": 0, "num_statements": 1891, "percent_covered": 0.0, "percent_covered_display": "0", "missing_lines": 1891, "excluded_lines": 0, "percent_statements_covered": 0.0, "percent_statements_covered_display": "0"}, "missing_lines": [1, 2, 3, 4, 5, 6, 7, 8, 9, 12, 14, 19, 20, 32, 35, 36, 38, 39, 40, 41, 42, 43, 44, 45, 47, 55, 56, 57, 58, 60, 61, 62, 63, 64, 65, 66, 68, 69, 70, 71, 72, 74, 76, 78, 79, 80, 81, 82, 83, 86, 87, 88, 89, 91, 94, 95, 96, 99, 100, 101, 104, 105, 106, 119, 120, 121, 122, 123, 124, 125, 126, 134, 135, 136, 139, 140, 141, 142, 143, 145, 146, 148, 149, 151, 154, 155, 156, 157, 158, 159, 160, 163, 164, 165, 166, 168, 169, 170, 171, 172, 173, 175, 176, 177, 178, 179, 181, 190, 192, 193, 194, 197, 198, 199, 200, 201, 202, 203, 204, 205, 206, 207, 208, 211, 212, 213, 214, 216, 217, 219, 220, 222, 223, 225, 226, 228, 229, 230, 233, 234, 235, 236, 238, 239, 241, 242, 244, 245, 246, 249, 250, 251, 252, 253, 254, 256, 257, 259, 260, 263, 264, 265, 267, 270, 273, 274, 275, 276, 278, 285, 286, 289, 290, 291, 292, 293, 295, 296, 298, 299, 302, 305, 306, 307, 310, 311, 314, 315, 318, 320, 324, 325, 326, 329, 330, 331, 332, 333, 334, 335, 337, 338, 340, 341, 344, 347, 348, 349, 352, 353, 354, 355, 358, 359, 367, 370, 373, 374, 377, 378, 392, 393, 394, 397, 414, 416, 417, 419, 420, 421, 422, 423, 424, 427, 428, 431, 432, 433, 435, 441, 442, 443, 446, 447, 448, 450, 451, 452, 454, 455, 457, 458, 459, 461, 468, 469, 472, 473, 474, 476, 477, 478, 479, 480, 481, 482, 483, 485, 492, 495, 496, 498, 499, 502, 503, 504, 507, 508, 509, 510, 512, 513, 514, 515, 516, 517, 518, 519, 520, 521, 522, 523, 531, 532, 533, 534, 535, 536, 537, 538, 539, 540, 541, 542, 543, 544, 545, 546, 547, 548, 549, 550, 551, 552, 553, 554, 555, 556, 557, 558, 559, 560, 561, 563, 564, 565, 566, 567, 569, 570, 571, 573, 574, 575, 576, 577, 578, 580, 581, 583, 597, 598, 599, 602, 603, 604, 605, 606, 607, 609, 610, 611, 612, 613, 614, 616, 625, 626, 627, 628, 629, 630, 631, 632, 633, 634, 635, 636, 639, 640, 643, 646, 647, 648, 649, 650, 651, 652, 655, 656, 657, 665, 666, 667, 668, 669, 671, 673, 674, 675, 678, 679, 680, 681, 683, 684, 687, 688, 689, 690, 691, 692, 695, 696, 697, 698, 699, 700, 703, 704, 707, 708, 709, 710, 711, 712, 713, 714, 715, 716, 717, 718, 719, 722, 723, 724, 725, 726, 727, 729, 732, 733, 734, 735, 745, 746, 747, 756, 762, 763, 766, 767, 768, 769, 770, 772, 773, 775, 777, 778, 780, 783, 784, 785, 786, 787, 788, 791, 792, 793, 794, 795, 796, 797, 800, 803, 806, 807, 808, 811, 814, 815, 816, 818, 823, 824, 825, 828, 829, 830, 831, 832, 834, 835, 837, 838, 839, 841, 842, 843, 845, 848, 851, 852, 854, 863, 864, 866, 867, 869, 870, 871, 874, 875, 876, 877, 878, 880, 881, 883, 884, 885, 887, 888, 889, 891, 892, 894, 895, 897, 898, 899, 900, 901, 902, 903, 904, 905, 906, 907, 908, 910, 911, 913, 915, 916, 918, 919, 920, 923, 924, 925, 926, 928, 929, 931, 932, 933, 935, 936, 937, 939, 940, 943, 944, 945, 947, 949, 950, 952, 953, 954, 957, 958, 959, 960, 962, 963, 966, 967, 968, 969, 970, 971, 974, 975, 983, 984, 985, 986, 988, 989, 990, 992, 993, 994, 995, 996, 998, 999, 1000, 1001, 1002, 1007, 1008, 1010, 1020, 1021, 1022, 1025, 1026, 1027, 1028, 1030, 1031, 1034, 1035, 1036, 1038, 1039, 1040, 1043, 1044, 1045, 1046, 1047, 1049, 1051, 1052, 1055, 1056, 1058, 1059, 1060, 1061, 1064, 1065, 1066, 1067, 1070, 1071, 1073, 1074, 1075, 1076, 1077, 1078, 1079, 1081, 1082, 1085, 1086, 1092, 1093, 1094, 1095, 1096, 1097, 1098, 1100, 1101, 1102, 1105, 1111, 1112, 1114, 1124, 1125, 1128, 1135, 1136, 1137, 1139, 1144, 1145, 1148, 1149, 1150, 1151, 1152, 1154, 1155, 1156, 1161, 1162, 1163, 1165, 1166, 1167, 1168, 1169, 1170, 1172, 1173, 1175, 1176, 1178, 1179, 1181, 1182, 1183, 1185, 1186, 1187, 1188, 1189, 1190, 1191, 1192, 1193, 1196, 1197, 1199, 1200, 1201, 1202, 1203, 1204, 1205, 1206, 1209, 1210, 1211, 1212, 1213, 1216, 1217, 1218, 1219, 1220, 1222, 1223, 1224, 1225, 1226, 1227, 1228, 1229, 1230, 1231, 1232, 1240, 1241, 1242, 1245, 1246, 1247, 1248, 1250, 1251, 1253, 1254, 1255, 1256, 1259, 1260, 1261, 1262, 1263, 1264, 1266, 1272, 1273, 1276, 1277, 1278, 1279, 1280, 1281, 1285, 1286, 1289, 1290, 1292, 1294, 1295, 1297, 1298, 1299, 1300, 1301, 1302, 1303, 1304, 1307, 1309, 1312, 1313, 1314, 1315, 1316, 1317, 1318, 1319, 1322, 1323, 1324, 1325, 1326, 1327, 1329, 1330, 1332, 1333, 1334, 1335, 1336, 1337, 1339, 1348, 1349, 1350, 1351, 1352, 1353, 1354, 1355, 1356, 1357, 1358, 1361, 1362, 1365, 1366, 1367, 1368, 1371, 1372, 1374, 1376, 1377, 1378, 1379, 1380, 1381, 1382, 1384, 1385, 1386, 1394, 1395, 1396, 1397, 1399, 1401, 1402, 1403, 1406, 1407, 1408, 1416, 1417, 1418, 1420, 1421, 1422, 1423, 1424, 1425, 1426, 1427, 1429, 1438, 1439, 1440, 1441, 1442, 1444, 1445, 1448, 1449, 1450, 1451, 1453, 1454, 1455, 1456, 1458, 1460, 1461, 1463, 1470, 1472, 1478, 1479, 1480, 1481, 1482, 1484, 1485, 1486, 1488, 1489, 1490, 1492, 1493, 1495, 1496, 1497, 1498, 1500, 1501, 1503, 1511, 1512, 1513, 1514, 1516, 1517, 1518, 1520, 1521, 1522, 1524, 1525, 1527, 1528, 1530, 1531, 1533, 1540, 1541, 1542, 1543, 1544, 1546, 1547, 1550, 1552, 1553, 1554, 1557, 1558, 1559, 1560, 1561, 1562, 1564, 1565, 1566, 1569, 1570, 1571, 1573, 1574, 1575, 1577, 1578, 1579, 1580, 1581, 1582, 1583, 1584, 1585, 1586, 1587, 1588, 1596, 1597, 1598, 1599, 1600, 1601, 1602, 1603, 1604, 1605, 1606, 1607, 1608, 1609, 1610, 1611, 1612, 1613, 1614, 1615, 1616, 1617, 1618, 1619, 1620, 1621, 1622, 1623, 1624, 1625, 1626, 1628, 1629, 1632, 1633, 1634, 1636, 1642, 1643, 1644, 1647, 1648, 1649, 1650, 1651, 1652, 1653, 1654, 1659, 1662, 1663, 1664, 1665, 1666, 1668, 1669, 1671, 1672, 1673, 1676, 1677, 1680, 1683, 1684, 1685, 1686, 1688, 1689, 1691, 1692, 1695, 1698, 1700, 1706, 1707, 1710, 1711, 1712, 1713, 1714, 1715, 1717, 1718, 1720, 1721, 1722, 1725, 1726, 1727, 1730, 1733, 1734, 1735, 1736, 1739, 1742, 1745, 1747, 1752, 1753, 1756, 1757, 1758, 1759, 1760, 1761, 1763, 1764, 1765, 1767, 1768, 1769, 1770, 1776, 1777, 1778, 1780, 1781, 1782, 1783, 1784, 1785, 1786, 1787, 1788, 1789, 1790, 1792, 1793, 1795, 1796, 1797, 1799, 1801, 1802, 1803, 1804, 1805, 1806, 1807, 1809, 1811, 1816, 1817, 1819, 1820, 1821, 1822, 1823, 1825, 1826, 1828, 1829, 1831, 1832, 1834, 1835, 1836, 1837, 1838, 1840, 1841, 1843, 1848, 1849, 1851, 1852, 1853, 1854, 1856, 1860, 1861, 1863, 1864, 1865, 1866, 1867, 1868, 1870, 1871, 1873, 1878, 1879, 1881, 1882, 1883, 1884, 1885, 1886, 1888, 1889, 1890, 1891, 1892, 1894, 1895, 1897, 1905, 1909, 1910, 1912, 1913, 1914, 1915, 1916, 1917, 1919, 1920, 1922, 1923, 1925, 1927, 1928, 1933, 1934, 1935, 1937, 1938, 1939, 1940, 1941, 1942, 1944, 1946, 1950, 1951, 1953, 1954, 1955, 1956, 1957, 1958, 1960, 1962, 1966, 1967, 1969, 1970, 1971, 1974, 1975, 1976, 1977, 1978, 1980, 1981, 1983, 1984, 1985, 1992, 1993, 1994, 1996, 1997, 1998, 1999, 2000, 2002, 2003, 2005, 2007, 2008, 2012, 2013, 2015, 2016, 2017, 2018, 2019, 2021, 2022, 2024, 2025, 2026, 2037, 2038, 2047, 2048, 2049, 2051, 2052, 2053, 2054, 2055, 2057, 2058, 2060, 2061, 2062, 2069, 2070, 2071, 2074, 2075, 2076, 2077, 2078, 2080, 2082, 2083, 2084, 2087, 2088, 2089, 2090, 2091, 2093, 2095, 2096, 2097, 2098, 2105, 2106, 2107, 2109, 2110, 2111, 2112, 2113, 2114, 2116, 2117, 2119, 2121, 2122, 2123, 2127, 2128, 2129, 2130, 2131, 2133, 2140, 2141, 2142, 2144, 2145, 2146, 2147, 2148, 2149, 2150, 2152, 2154, 2160, 2161, 2163, 2164, 2165, 2166, 2167, 2169, 2170, 2172, 2173, 2174, 2176, 2177, 2178, 2179, 2180, 2182, 2184, 2185, 2187, 2188, 2189, 2191, 2192, 2193, 2194, 2196, 2197, 2198, 2199, 2200, 2202, 2203, 2204, 2205, 2206, 2208, 2209, 2211, 2216, 2217, 2219, 2220, 2221, 2222, 2223, 2225, 2226, 2228, 2233, 2234, 2236, 2237, 2238, 2239, 2240, 2242, 2243, 2245, 2250, 2251, 2253, 2254, 2255, 2256, 2257, 2259, 2260, 2262, 2267, 2268, 2270, 2271, 2272, 2273, 2274, 2276, 2277, 2279, 2289, 2290, 2294, 2295, 2296, 2297, 2298, 2300, 2303, 2304, 2306, 2307, 2308, 2309, 2310, 2312, 2313, 2315, 2316, 2317, 2319, 2320, 2321, 2322, 2323, 2325, 2330, 2331, 2332, 2334, 2335, 2336, 2337, 2338, 2340, 2341, 2342, 2344, 2345, 2346, 2347, 2348, 2350, 2351, 2353, 2354, 2355, 2357, 2358, 2359, 2360, 2361, 2363, 2367, 2368, 2372, 2373, 2374, 2375, 2376, 2378, 2385, 2386, 2387, 2389, 2390, 2391, 2392, 2393, 2395, 2396, 2397, 2399, 2400, 2401, 2402, 2403, 2405, 2407, 2408, 2409, 2413, 2414, 2415, 2416, 2417, 2418, 2419, 2420, 2422, 2423, 2425, 2426, 2428, 2434, 2435, 2437, 2438, 2439, 2440, 2441, 2443, 2444, 2445, 2447, 2448, 2450, 2451, 2453, 2458, 2459, 2461, 2462, 2463, 2464, 2466, 2467, 2468, 2469, 2470, 2471, 2473, 2477, 2478, 2483, 2484, 2485, 2486, 2487, 2488, 2489, 2491, 2497, 2501, 2502, 2505, 2506, 2507, 2508, 2509, 2511, 2516, 2517, 2520, 2521, 2522, 2523, 2524, 2526, 2527, 2528, 2529, 2530, 2532, 2533, 2534, 2535, 2537, 2545, 2551, 2552, 2555, 2556, 2557, 2558, 2559, 2560, 2562, 2563, 2565, 2566, 2568, 2569, 2570, 2576, 2578, 2579, 2580, 2583, 2584, 2585, 2586, 2588, 2596, 2597, 2600, 2601, 2602, 2603, 2604, 2606, 2608, 2623, 2624, 2627, 2628, 2629, 2630, 2632, 2639, 2640, 2645, 2646, 2647, 2648, 2649, 2650, 2651, 2653, 2655, 2659, 2660, 2663, 2664, 2665, 2666, 2667, 2669, 2670, 2672, 2673, 2674, 2677, 2678, 2679, 2680, 2681, 2683, 2684, 2685, 2686, 2687, 2689, 2690, 2692, 2701, 2702, 2703, 2706, 2707, 2708, 2709, 2710, 2712, 2714, 2715, 2717, 2718, 2719, 2722, 2723, 2724, 2725, 2726, 2728, 2730, 2732, 2733, 2735, 2736, 2737, 2740, 2741, 2742, 2743, 2744, 2746, 2747, 2749, 2751, 2757, 2758, 2761, 2762, 2763, 2764, 2765, 2767, 2768, 2769, 2770, 2771, 2773, 2774, 2780, 2782, 2783, 2784, 2787, 2788, 2789, 2790, 2791, 2792, 2793, 2794, 2797, 2798, 2799, 2800, 2801, 2802, 2803, 2804, 2805, 2810, 2811, 2812, 2813, 2814, 2816, 2817, 2819, 2821, 2826, 2827, 2830, 2831, 2832, 2833, 2834, 2836, 2837, 2838, 2839, 2840, 2841, 2842, 2843, 2844, 2845, 2846, 2847, 2848, 2850, 2867, 2868, 2869, 2872, 2873, 2874, 2875, 2876, 2878, 2880, 2881, 2883, 2884, 2885, 2888, 2889, 2890, 2891, 2893, 2894, 2896, 2902, 2903, 2908, 2909, 2910, 2911, 2912, 2914, 2915, 2917, 2918, 2920, 2922, 2923, 2924, 2927, 2928, 2929, 2930, 2932, 2934, 2935, 2936, 2945, 2950, 2951, 2954, 2955, 2956, 2957, 2958, 2960, 2961, 2962, 2964, 2969, 2970, 2972, 2973, 2974, 2979, 2980, 2981, 2982, 2983, 2984, 2985, 2986, 2987, 2990, 2991, 2992, 2993, 2994, 2995, 2997, 2999, 3004, 3005, 3008, 3009, 3010, 3011, 3012, 3014, 3015, 3016, 3018, 3019, 3021, 3022, 3023, 3025, 3026, 3027, 3029, 3031, 3032, 3033, 3035, 3036, 3037, 3039, 3040, 3042, 3043, 3044, 3045, 3047, 3049, 3058, 3059, 3061, 3069, 3070, 3073, 3074, 3075, 3076, 3078, 3079, 3080, 3081, 3083, 3084, 3086, 3087, 3088, 3089, 3092, 3093, 3094, 3095, 3097, 3098, 3099, 3101, 3106, 3107, 3110, 3111, 3112, 3113, 3115, 3116, 3120, 3121, 3124, 3125, 3126, 3127, 3129, 3131, 3132, 3134, 3135, 3136, 3139, 3140, 3141, 3142, 3144, 3145, 3146, 3147, 3150, 3151, 3152, 3153, 3155, 3156, 3157, 3158, 3162, 3163, 3164, 3165, 3166, 3167, 3168, 3169, 3172, 3173], "excluded_lines": [], "start_line": 1}}}}, "totals": {"covered_lines": 6326, "num_statements": 15679, "percent_covered": 40.34696090311882, "percent_covered_display": "40", "missing_lines": 9353, "excluded_lines": 7, "percent_statements_covered": 40.34696090311882, "percent_statements_covered_display": "40"}}