============================= test session starts =============================
platform win32 -- Python 3.14.3, pytest-9.0.2, pluggy-1.6.0 -- C:\Python314\python.exe
cachedir: .pytest_cache
rootdir: C:\Users\darst\.lmstudio\projects\Vetinari
plugins: anyio-4.12.1
collecting ... collected 55 items

tests/test_chat.py::test_chat_endpoint PASSED                            [  1%]
tests/test_ponder.py::TestPonderEngine::test_ponder_engine_initialization PASSED [  3%]
tests/test_ponder.py::TestPonderEngine::test_task_capability_requirements_code PASSED [  5%]
tests/test_ponder.py::TestPonderEngine::test_task_capability_requirements_reasoning PASSED [  7%]
tests/test_ponder.py::TestPonderEngine::test_task_capability_requirements_creative PASSED [  9%]
tests/test_ponder.py::TestPonderEngine::test_task_capability_requirements_policy_sensitive PASSED [ 10%]
tests/test_ponder.py::TestPonderEngine::test_capability_score_coder_model FAILED [ 12%]
tests/test_ponder.py::TestPonderEngine::test_context_score PASSED        [ 14%]
tests/test_ponder.py::TestPonderEngine::test_memory_score PASSED         [ 16%]
tests/test_ponder.py::TestPonderEngine::test_policy_penalty PASSED       [ 18%]
tests/test_ponder.py::TestPonderEngine::test_score_models_returns_ranked_list PASSED [ 20%]
tests/test_ponder.py::TestCloudProviders::test_cloud_providers_config PASSED [ 21%]
tests/test_ponder.py::TestCloudProviders::test_cloud_provider_health_no_tokens PASSED [ 23%]
tests/test_ponder.py::TestCloudProviders::test_cloud_provider_health_with_tokens PASSED [ 25%]
tests/test_ponder.py::TestCloudProviders::test_get_cloud_models_returns_models PASSED [ 27%]
tests/test_ponder.py::TestModelSearchCloud::test_search_claude_no_token PASSED [ 29%]
tests/test_ponder.py::TestModelSearchCloud::test_search_claude_with_token PASSED [ 30%]
tests/test_ponder.py::TestModelSearchCloud::test_search_gemini_no_token PASSED [ 32%]
tests/test_ponder.py::TestModelSearchCloud::test_search_gemini_with_token PASSED [ 34%]
tests/test_ponder.py::TestModelSearchCloud::test_search_cloud_providers PASSED [ 36%]
tests/test_ponder.py::TestSubtaskTreePonder::test_subtask_has_ponder_fields PASSED [ 38%]
tests/test_ponder.py::TestSubtaskTreePonder::test_subtask_to_dict_includes_ponder PASSED [ 40%]
tests/test_ponder.py::TestSubtaskTreePonder::test_subtask_from_dict_includes_ponder PASSED [ 41%]
tests/test_ponder.py::TestPonderConfig::test_enable_ponder_model_search_default PASSED [ 43%]
tests/test_ponder.py::TestPonderConfig::test_ponder_cloud_weight_default PASSED [ 45%]
tests/test_ponder.py::TestPonderConfig::test_ponder_cloud_weight_custom PASSED [ 47%]
tests/test_ponder.py::TestPonderAPI::test_ponder_health_endpoint SKIPPED [ 49%]
tests/test_ponder.py::TestPonderAPI::test_ponder_choose_model_endpoint SKIPPED [ 50%]
tests/test_ponder.py::TestPonderAPI::test_ponder_templates_endpoint SKIPPED [ 52%]
tests/test_ponder.py::TestPonderProjectWide::test_ponder_project_for_plan_no_plan PASSED [ 54%]
tests/test_ponder.py::TestPonderProjectWide::test_get_ponder_results_for_plan PASSED [ 56%]
tests/test_ponder.py::TestFallbackBehavior::test_score_models_with_cloud_no_search PASSED [ 58%]
tests/test_ponder.py::TestFallbackBehavior::test_cloud_fallback_graceful PASSED [ 60%]
tests/test_ponder_integration.py::TestIntegrationPonderFlow::test_project_ponder_updates_subtasks PASSED [ 61%]
tests/test_ponder_integration.py::TestIntegrationPonderFlow::test_ponder_audit_fields_persisted PASSED [ 63%]
tests/test_ponder_integration.py::TestIntegrationCloudRanking::test_cloud_augmentation_increases_score PASSED [ 65%]
tests/test_ponder_integration.py::TestIntegrationAPIFlow::test_api_ponder_health_structure SKIPPED [ 67%]
tests/test_ponder_integration.py::TestIntegrationAPIFlow::test_api_choose_model_returns_rankings SKIPPED [ 69%]
tests/test_ponder_integration.py::TestSecurityAndSecrets::test_tokens_not_in_response SKIPPED [ 70%]
tests/test_ponder_integration.py::TestSecurityAndSecrets::test_missing_tokens_handled_gracefully PASSED [ 72%]
tests/test_ponder_integration.py::TestPerformanceAndCaching::test_caching_reduces_calls PASSED [ 74%]
tests/test_ponder_integration.py::TestPerformanceAndCaching::test_cache_ttl_respected PASSED [ 76%]
tests/test_ponder_integration.py::TestErrorHandling::test_invalid_plan_id_handled PASSED [ 78%]
tests/test_ponder_integration.py::TestErrorHandling::test_malformed_task_handled FAILED [ 80%]
tests/test_vetinari.py::TestAdminGating::test_admin_permissions_admin_role FAILED [ 81%]
tests/test_vetinari.py::TestAdminGating::test_admin_permissions_user_role FAILED [ 83%]
tests/test_vetinari.py::TestAdminGating::test_admin_credentials_admin_only FAILED [ 85%]
tests/test_vetinari.py::TestAdminGating::test_admin_health_admin_only FAILED [ 87%]
tests/test_vetinari.py::TestPerProjectGating::test_model_search_enabled_by_default FAILED [ 89%]
tests/test_vetinari.py::TestPerProjectGating::test_model_search_per_project_disabled FAILED [ 90%]
tests/test_vetinari.py::TestModelSearch::test_model_search_returns_candidates FAILED [ 92%]
tests/test_vetinari.py::TestModelSearch::test_candidates_have_rationale FAILED [ 94%]
tests/test_vetinari.py::TestCredentials::test_credentials_health_structure FAILED [ 96%]
tests/test_vetinari.py::TestStatusEndpoint::test_status_returns_info FAILED [ 98%]
tests/test_vetinari.py::TestTaskOverride::test_override_requires_admin FAILED [100%]

================================== FAILURES ===================================
_____________ TestPonderEngine.test_capability_score_coder_model ______________
tests\test_ponder.py:84: in test_capability_score_coder_model
    score = engine._calculate_capability_score(model, requirements)
            ^^^^^^^^^^^^^^^^^^^^^^^^^^^^^^^^^^^^^^^^^^^^^^^^^^^^^^^
vetinari\ponder.py:112: in _calculate_capability_score
    if requirements["creative"] > 0.7:
       ^^^^^^^^^^^^^^^^^^^^^^^^
E   KeyError: 'creative'
________________ TestErrorHandling.test_malformed_task_handled ________________
tests\test_ponder_integration.py:302: in test_malformed_task_handled
    ranking = score_models_with_cloud(models, None, top_n=1)
              ^^^^^^^^^^^^^^^^^^^^^^^^^^^^^^^^^^^^^^^^^^^^^^
vetinari\ponder.py:346: in score_models_with_cloud
    requirements = engine._get_task_capability_requirements(task_description)
                   ^^^^^^^^^^^^^^^^^^^^^^^^^^^^^^^^^^^^^^^^^^^^^^^^^^^^^^^^^^
vetinari\ponder.py:65: in _get_task_capability_requirements
    task_lower = task_description.lower()
                 ^^^^^^^^^^^^^^^^^^^^^^
E   AttributeError: 'NoneType' object has no attribute 'lower'
---------------------------- Captured stdout call -----------------------------
Error getting model search candidates: 'NoneType' object has no attribute 'lower'
______________ TestAdminGating.test_admin_permissions_admin_role ______________
..\..\..\AppData\Roaming\Python\Python314\site-packages\urllib3\connection.py:204: in _new_conn
    sock = connection.create_connection(
..\..\..\AppData\Roaming\Python\Python314\site-packages\urllib3\util\connection.py:85: in create_connection
    raise err
..\..\..\AppData\Roaming\Python\Python314\site-packages\urllib3\util\connection.py:73: in create_connection
    sock.connect(sa)
E   ConnectionRefusedError: [WinError 10061] No connection could be made because the target machine actively refused it

The above exception was the direct cause of the following exception:
..\..\..\AppData\Roaming\Python\Python314\site-packages\urllib3\connectionpool.py:787: in urlopen
    response = self._make_request(
..\..\..\AppData\Roaming\Python\Python314\site-packages\urllib3\connectionpool.py:493: in _make_request
    conn.request(
..\..\..\AppData\Roaming\Python\Python314\site-packages\urllib3\connection.py:500: in request
    self.endheaders()
C:\Python314\Lib\http\client.py:1353: in endheaders
    self._send_output(message_body, encode_chunked=encode_chunked)
C:\Python314\Lib\http\client.py:1113: in _send_output
    self.send(msg)
C:\Python314\Lib\http\client.py:1057: in send
    self.connect()
..\..\..\AppData\Roaming\Python\Python314\site-packages\urllib3\connection.py:331: in connect
    self.sock = self._new_conn()
                ^^^^^^^^^^^^^^^^
..\..\..\AppData\Roaming\Python\Python314\site-packages\urllib3\connection.py:219: in _new_conn
    raise NewConnectionError(
E   urllib3.exceptions.NewConnectionError: HTTPConnection(host='localhost', port=5000): Failed to establish a new connection: [WinError 10061] No connection could be made because the target machine actively refused it

The above exception was the direct cause of the following exception:
..\..\..\AppData\Roaming\Python\Python314\site-packages\requests\adapters.py:644: in send
    resp = conn.urlopen(
..\..\..\AppData\Roaming\Python\Python314\site-packages\urllib3\connectionpool.py:841: in urlopen
    retries = retries.increment(
..\..\..\AppData\Roaming\Python\Python314\site-packages\urllib3\util\retry.py:535: in increment
    raise MaxRetryError(_pool, url, reason) from reason  # type: ignore[arg-type]
    ^^^^^^^^^^^^^^^^^^^^^^^^^^^^^^^^^^^^^^^^^^^^^^^^^^^
E   urllib3.exceptions.MaxRetryError: HTTPConnectionPool(host='localhost', port=5000): Max retries exceeded with url: /api/admin/permissions (Caused by NewConnectionError("HTTPConnection(host='localhost', port=5000): Failed to establish a new connection: [WinError 10061] No connection could be made because the target machine actively refused it"))

During handling of the above exception, another exception occurred:
tests\test_vetinari.py:28: in test_admin_permissions_admin_role
    response = requests.get(
..\..\..\AppData\Roaming\Python\Python314\site-packages\requests\api.py:73: in get
    return request("get", url, params=params, **kwargs)
           ^^^^^^^^^^^^^^^^^^^^^^^^^^^^^^^^^^^^^^^^^^^^
..\..\..\AppData\Roaming\Python\Python314\site-packages\requests\api.py:59: in request
    return session.request(method=method, url=url, **kwargs)
           ^^^^^^^^^^^^^^^^^^^^^^^^^^^^^^^^^^^^^^^^^^^^^^^^^
..\..\..\AppData\Roaming\Python\Python314\site-packages\requests\sessions.py:589: in request
    resp = self.send(prep, **send_kwargs)
           ^^^^^^^^^^^^^^^^^^^^^^^^^^^^^^
..\..\..\AppData\Roaming\Python\Python314\site-packages\requests\sessions.py:703: in send
    r = adapter.send(request, **kwargs)
        ^^^^^^^^^^^^^^^^^^^^^^^^^^^^^^^
..\..\..\AppData\Roaming\Python\Python314\site-packages\requests\adapters.py:677: in send
    raise ConnectionError(e, request=request)
E   requests.exceptions.ConnectionError: HTTPConnectionPool(host='localhost', port=5000): Max retries exceeded with url: /api/admin/permissions (Caused by NewConnectionError("HTTPConnection(host='localhost', port=5000): Failed to establish a new connection: [WinError 10061] No connection could be made because the target machine actively refused it"))
______________ TestAdminGating.test_admin_permissions_user_role _______________
..\..\..\AppData\Roaming\Python\Python314\site-packages\urllib3\connection.py:204: in _new_conn
    sock = connection.create_connection(
..\..\..\AppData\Roaming\Python\Python314\site-packages\urllib3\util\connection.py:85: in create_connection
    raise err
..\..\..\AppData\Roaming\Python\Python314\site-packages\urllib3\util\connection.py:73: in create_connection
    sock.connect(sa)
E   ConnectionRefusedError: [WinError 10061] No connection could be made because the target machine actively refused it

The above exception was the direct cause of the following exception:
..\..\..\AppData\Roaming\Python\Python314\site-packages\urllib3\connectionpool.py:787: in urlopen
    response = self._make_request(
..\..\..\AppData\Roaming\Python\Python314\site-packages\urllib3\connectionpool.py:493: in _make_request
    conn.request(
..\..\..\AppData\Roaming\Python\Python314\site-packages\urllib3\connection.py:500: in request
    self.endheaders()
C:\Python314\Lib\http\client.py:1353: in endheaders
    self._send_output(message_body, encode_chunked=encode_chunked)
C:\Python314\Lib\http\client.py:1113: in _send_output
    self.send(msg)
C:\Python314\Lib\http\client.py:1057: in send
    self.connect()
..\..\..\AppData\Roaming\Python\Python314\site-packages\urllib3\connection.py:331: in connect
    self.sock = self._new_conn()
                ^^^^^^^^^^^^^^^^
..\..\..\AppData\Roaming\Python\Python314\site-packages\urllib3\connection.py:219: in _new_conn
    raise NewConnectionError(
E   urllib3.exceptions.NewConnectionError: HTTPConnection(host='localhost', port=5000): Failed to establish a new connection: [WinError 10061] No connection could be made because the target machine actively refused it

The above exception was the direct cause of the following exception:
..\..\..\AppData\Roaming\Python\Python314\site-packages\requests\adapters.py:644: in send
    resp = conn.urlopen(
..\..\..\AppData\Roaming\Python\Python314\site-packages\urllib3\connectionpool.py:841: in urlopen
    retries = retries.increment(
..\..\..\AppData\Roaming\Python\Python314\site-packages\urllib3\util\retry.py:535: in increment
    raise MaxRetryError(_pool, url, reason) from reason  # type: ignore[arg-type]
    ^^^^^^^^^^^^^^^^^^^^^^^^^^^^^^^^^^^^^^^^^^^^^^^^^^^
E   urllib3.exceptions.MaxRetryError: HTTPConnectionPool(host='localhost', port=5000): Max retries exceeded with url: /api/admin/permissions (Caused by NewConnectionError("HTTPConnection(host='localhost', port=5000): Failed to establish a new connection: [WinError 10061] No connection could be made because the target machine actively refused it"))

During handling of the above exception, another exception occurred:
tests\test_vetinari.py:39: in test_admin_permissions_user_role
    response = requests.get(
..\..\..\AppData\Roaming\Python\Python314\site-packages\requests\api.py:73: in get
    return request("get", url, params=params, **kwargs)
           ^^^^^^^^^^^^^^^^^^^^^^^^^^^^^^^^^^^^^^^^^^^^
..\..\..\AppData\Roaming\Python\Python314\site-packages\requests\api.py:59: in request
    return session.request(method=method, url=url, **kwargs)
           ^^^^^^^^^^^^^^^^^^^^^^^^^^^^^^^^^^^^^^^^^^^^^^^^^
..\..\..\AppData\Roaming\Python\Python314\site-packages\requests\sessions.py:589: in request
    resp = self.send(prep, **send_kwargs)
           ^^^^^^^^^^^^^^^^^^^^^^^^^^^^^^
..\..\..\AppData\Roaming\Python\Python314\site-packages\requests\sessions.py:703: in send
    r = adapter.send(request, **kwargs)
        ^^^^^^^^^^^^^^^^^^^^^^^^^^^^^^^
..\..\..\AppData\Roaming\Python\Python314\site-packages\requests\adapters.py:677: in send
    raise ConnectionError(e, request=request)
E   requests.exceptions.ConnectionError: HTTPConnectionPool(host='localhost', port=5000): Max retries exceeded with url: /api/admin/permissions (Caused by NewConnectionError("HTTPConnection(host='localhost', port=5000): Failed to establish a new connection: [WinError 10061] No connection could be made because the target machine actively refused it"))
______________ TestAdminGating.test_admin_credentials_admin_only ______________
..\..\..\AppData\Roaming\Python\Python314\site-packages\urllib3\connection.py:204: in _new_conn
    sock = connection.create_connection(
..\..\..\AppData\Roaming\Python\Python314\site-packages\urllib3\util\connection.py:85: in create_connection
    raise err
..\..\..\AppData\Roaming\Python\Python314\site-packages\urllib3\util\connection.py:73: in create_connection
    sock.connect(sa)
E   ConnectionRefusedError: [WinError 10061] No connection could be made because the target machine actively refused it

The above exception was the direct cause of the following exception:
..\..\..\AppData\Roaming\Python\Python314\site-packages\urllib3\connectionpool.py:787: in urlopen
    response = self._make_request(
..\..\..\AppData\Roaming\Python\Python314\site-packages\urllib3\connectionpool.py:493: in _make_request
    conn.request(
..\..\..\AppData\Roaming\Python\Python314\site-packages\urllib3\connection.py:500: in request
    self.endheaders()
C:\Python314\Lib\http\client.py:1353: in endheaders
    self._send_output(message_body, encode_chunked=encode_chunked)
C:\Python314\Lib\http\client.py:1113: in _send_output
    self.send(msg)
C:\Python314\Lib\http\client.py:1057: in send
    self.connect()
..\..\..\AppData\Roaming\Python\Python314\site-packages\urllib3\connection.py:331: in connect
    self.sock = self._new_conn()
                ^^^^^^^^^^^^^^^^
..\..\..\AppData\Roaming\Python\Python314\site-packages\urllib3\connection.py:219: in _new_conn
    raise NewConnectionError(
E   urllib3.exceptions.NewConnectionError: HTTPConnection(host='localhost', port=5000): Failed to establish a new connection: [WinError 10061] No connection could be made because the target machine actively refused it

The above exception was the direct cause of the following exception:
..\..\..\AppData\Roaming\Python\Python314\site-packages\requests\adapters.py:644: in send
    resp = conn.urlopen(
..\..\..\AppData\Roaming\Python\Python314\site-packages\urllib3\connectionpool.py:841: in urlopen
    retries = retries.increment(
..\..\..\AppData\Roaming\Python\Python314\site-packages\urllib3\util\retry.py:535: in increment
    raise MaxRetryError(_pool, url, reason) from reason  # type: ignore[arg-type]
    ^^^^^^^^^^^^^^^^^^^^^^^^^^^^^^^^^^^^^^^^^^^^^^^^^^^
E   urllib3.exceptions.MaxRetryError: HTTPConnectionPool(host='localhost', port=5000): Max retries exceeded with url: /api/admin/credentials (Caused by NewConnectionError("HTTPConnection(host='localhost', port=5000): Failed to establish a new connection: [WinError 10061] No connection could be made because the target machine actively refused it"))

During handling of the above exception, another exception occurred:
tests\test_vetinari.py:52: in test_admin_credentials_admin_only
    response = requests.get(
..\..\..\AppData\Roaming\Python\Python314\site-packages\requests\api.py:73: in get
    return request("get", url, params=params, **kwargs)
           ^^^^^^^^^^^^^^^^^^^^^^^^^^^^^^^^^^^^^^^^^^^^
..\..\..\AppData\Roaming\Python\Python314\site-packages\requests\api.py:59: in request
    return session.request(method=method, url=url, **kwargs)
           ^^^^^^^^^^^^^^^^^^^^^^^^^^^^^^^^^^^^^^^^^^^^^^^^^
..\..\..\AppData\Roaming\Python\Python314\site-packages\requests\sessions.py:589: in request
    resp = self.send(prep, **send_kwargs)
           ^^^^^^^^^^^^^^^^^^^^^^^^^^^^^^
..\..\..\AppData\Roaming\Python\Python314\site-packages\requests\sessions.py:703: in send
    r = adapter.send(request, **kwargs)
        ^^^^^^^^^^^^^^^^^^^^^^^^^^^^^^^
..\..\..\AppData\Roaming\Python\Python314\site-packages\requests\adapters.py:677: in send
    raise ConnectionError(e, request=request)
E   requests.exceptions.ConnectionError: HTTPConnectionPool(host='localhost', port=5000): Max retries exceeded with url: /api/admin/credentials (Caused by NewConnectionError("HTTPConnection(host='localhost', port=5000): Failed to establish a new connection: [WinError 10061] No connection could be made because the target machine actively refused it"))
________________ TestAdminGating.test_admin_health_admin_only _________________
..\..\..\AppData\Roaming\Python\Python314\site-packages\urllib3\connection.py:204: in _new_conn
    sock = connection.create_connection(
..\..\..\AppData\Roaming\Python\Python314\site-packages\urllib3\util\connection.py:85: in create_connection
    raise err
..\..\..\AppData\Roaming\Python\Python314\site-packages\urllib3\util\connection.py:73: in create_connection
    sock.connect(sa)
E   ConnectionRefusedError: [WinError 10061] No connection could be made because the target machine actively refused it

The above exception was the direct cause of the following exception:
..\..\..\AppData\Roaming\Python\Python314\site-packages\urllib3\connectionpool.py:787: in urlopen
    response = self._make_request(
..\..\..\AppData\Roaming\Python\Python314\site-packages\urllib3\connectionpool.py:493: in _make_request
    conn.request(
..\..\..\AppData\Roaming\Python\Python314\site-packages\urllib3\connection.py:500: in request
    self.endheaders()
C:\Python314\Lib\http\client.py:1353: in endheaders
    self._send_output(message_body, encode_chunked=encode_chunked)
C:\Python314\Lib\http\client.py:1113: in _send_output
    self.send(msg)
C:\Python314\Lib\http\client.py:1057: in send
    self.connect()
..\..\..\AppData\Roaming\Python\Python314\site-packages\urllib3\connection.py:331: in connect
    self.sock = self._new_conn()
                ^^^^^^^^^^^^^^^^
..\..\..\AppData\Roaming\Python\Python314\site-packages\urllib3\connection.py:219: in _new_conn
    raise NewConnectionError(
E   urllib3.exceptions.NewConnectionError: HTTPConnection(host='localhost', port=5000): Failed to establish a new connection: [WinError 10061] No connection could be made because the target machine actively refused it

The above exception was the direct cause of the following exception:
..\..\..\AppData\Roaming\Python\Python314\site-packages\requests\adapters.py:644: in send
    resp = conn.urlopen(
..\..\..\AppData\Roaming\Python\Python314\site-packages\urllib3\connectionpool.py:841: in urlopen
    retries = retries.increment(
..\..\..\AppData\Roaming\Python\Python314\site-packages\urllib3\util\retry.py:535: in increment
    raise MaxRetryError(_pool, url, reason) from reason  # type: ignore[arg-type]
    ^^^^^^^^^^^^^^^^^^^^^^^^^^^^^^^^^^^^^^^^^^^^^^^^^^^
E   urllib3.exceptions.MaxRetryError: HTTPConnectionPool(host='localhost', port=5000): Max retries exceeded with url: /api/admin/credentials/health (Caused by NewConnectionError("HTTPConnection(host='localhost', port=5000): Failed to establish a new connection: [WinError 10061] No connection could be made because the target machine actively refused it"))

During handling of the above exception, another exception occurred:
tests\test_vetinari.py:69: in test_admin_health_admin_only
    response = requests.get(
..\..\..\AppData\Roaming\Python\Python314\site-packages\requests\api.py:73: in get
    return request("get", url, params=params, **kwargs)
           ^^^^^^^^^^^^^^^^^^^^^^^^^^^^^^^^^^^^^^^^^^^^
..\..\..\AppData\Roaming\Python\Python314\site-packages\requests\api.py:59: in request
    return session.request(method=method, url=url, **kwargs)
           ^^^^^^^^^^^^^^^^^^^^^^^^^^^^^^^^^^^^^^^^^^^^^^^^^
..\..\..\AppData\Roaming\Python\Python314\site-packages\requests\sessions.py:589: in request
    resp = self.send(prep, **send_kwargs)
           ^^^^^^^^^^^^^^^^^^^^^^^^^^^^^^
..\..\..\AppData\Roaming\Python\Python314\site-packages\requests\sessions.py:703: in send
    r = adapter.send(request, **kwargs)
        ^^^^^^^^^^^^^^^^^^^^^^^^^^^^^^^
..\..\..\AppData\Roaming\Python\Python314\site-packages\requests\adapters.py:677: in send
    raise ConnectionError(e, request=request)
E   requests.exceptions.ConnectionError: HTTPConnectionPool(host='localhost', port=5000): Max retries exceeded with url: /api/admin/credentials/health (Caused by NewConnectionError("HTTPConnection(host='localhost', port=5000): Failed to establish a new connection: [WinError 10061] No connection could be made because the target machine actively refused it"))
__________ TestPerProjectGating.test_model_search_enabled_by_default __________
..\..\..\AppData\Roaming\Python\Python314\site-packages\urllib3\connection.py:204: in _new_conn
    sock = connection.create_connection(
..\..\..\AppData\Roaming\Python\Python314\site-packages\urllib3\util\connection.py:85: in create_connection
    raise err
..\..\..\AppData\Roaming\Python\Python314\site-packages\urllib3\util\connection.py:73: in create_connection
    sock.connect(sa)
E   ConnectionRefusedError: [WinError 10061] No connection could be made because the target machine actively refused it

The above exception was the direct cause of the following exception:
..\..\..\AppData\Roaming\Python\Python314\site-packages\urllib3\connectionpool.py:787: in urlopen
    response = self._make_request(
..\..\..\AppData\Roaming\Python\Python314\site-packages\urllib3\connectionpool.py:493: in _make_request
    conn.request(
..\..\..\AppData\Roaming\Python\Python314\site-packages\urllib3\connection.py:500: in request
    self.endheaders()
C:\Python314\Lib\http\client.py:1353: in endheaders
    self._send_output(message_body, encode_chunked=encode_chunked)
C:\Python314\Lib\http\client.py:1113: in _send_output
    self.send(msg)
C:\Python314\Lib\http\client.py:1057: in send
    self.connect()
..\..\..\AppData\Roaming\Python\Python314\site-packages\urllib3\connection.py:331: in connect
    self.sock = self._new_conn()
                ^^^^^^^^^^^^^^^^
..\..\..\AppData\Roaming\Python\Python314\site-packages\urllib3\connection.py:219: in _new_conn
    raise NewConnectionError(
E   urllib3.exceptions.NewConnectionError: HTTPConnection(host='localhost', port=5000): Failed to establish a new connection: [WinError 10061] No connection could be made because the target machine actively refused it

The above exception was the direct cause of the following exception:
..\..\..\AppData\Roaming\Python\Python314\site-packages\requests\adapters.py:644: in send
    resp = conn.urlopen(
..\..\..\AppData\Roaming\Python\Python314\site-packages\urllib3\connectionpool.py:841: in urlopen
    retries = retries.increment(
..\..\..\AppData\Roaming\Python\Python314\site-packages\urllib3\util\retry.py:535: in increment
    raise MaxRetryError(_pool, url, reason) from reason  # type: ignore[arg-type]
    ^^^^^^^^^^^^^^^^^^^^^^^^^^^^^^^^^^^^^^^^^^^^^^^^^^^
E   urllib3.exceptions.MaxRetryError: HTTPConnectionPool(host='localhost', port=5000): Max retries exceeded with url: /api/project/project_0/model-search (Caused by NewConnectionError("HTTPConnection(host='localhost', port=5000): Failed to establish a new connection: [WinError 10061] No connection could be made because the target machine actively refused it"))

During handling of the above exception, another exception occurred:
tests\test_vetinari.py:82: in test_model_search_enabled_by_default
    response = requests.post(
..\..\..\AppData\Roaming\Python\Python314\site-packages\requests\api.py:115: in post
    return request("post", url, data=data, json=json, **kwargs)
           ^^^^^^^^^^^^^^^^^^^^^^^^^^^^^^^^^^^^^^^^^^^^^^^^^^^^
..\..\..\AppData\Roaming\Python\Python314\site-packages\requests\api.py:59: in request
    return session.request(method=method, url=url, **kwargs)
           ^^^^^^^^^^^^^^^^^^^^^^^^^^^^^^^^^^^^^^^^^^^^^^^^^
..\..\..\AppData\Roaming\Python\Python314\site-packages\requests\sessions.py:589: in request
    resp = self.send(prep, **send_kwargs)
           ^^^^^^^^^^^^^^^^^^^^^^^^^^^^^^
..\..\..\AppData\Roaming\Python\Python314\site-packages\requests\sessions.py:703: in send
    r = adapter.send(request, **kwargs)
        ^^^^^^^^^^^^^^^^^^^^^^^^^^^^^^^
..\..\..\AppData\Roaming\Python\Python314\site-packages\requests\adapters.py:677: in send
    raise ConnectionError(e, request=request)
E   requests.exceptions.ConnectionError: HTTPConnectionPool(host='localhost', port=5000): Max retries exceeded with url: /api/project/project_0/model-search (Caused by NewConnectionError("HTTPConnection(host='localhost', port=5000): Failed to establish a new connection: [WinError 10061] No connection could be made because the target machine actively refused it"))
_________ TestPerProjectGating.test_model_search_per_project_disabled _________
..\..\..\AppData\Roaming\Python\Python314\site-packages\urllib3\connection.py:204: in _new_conn
    sock = connection.create_connection(
..\..\..\AppData\Roaming\Python\Python314\site-packages\urllib3\util\connection.py:85: in create_connection
    raise err
..\..\..\AppData\Roaming\Python\Python314\site-packages\urllib3\util\connection.py:73: in create_connection
    sock.connect(sa)
E   ConnectionRefusedError: [WinError 10061] No connection could be made because the target machine actively refused it

The above exception was the direct cause of the following exception:
..\..\..\AppData\Roaming\Python\Python314\site-packages\urllib3\connectionpool.py:787: in urlopen
    response = self._make_request(
..\..\..\AppData\Roaming\Python\Python314\site-packages\urllib3\connectionpool.py:493: in _make_request
    conn.request(
..\..\..\AppData\Roaming\Python\Python314\site-packages\urllib3\connection.py:500: in request
    self.endheaders()
C:\Python314\Lib\http\client.py:1353: in endheaders
    self._send_output(message_body, encode_chunked=encode_chunked)
C:\Python314\Lib\http\client.py:1113: in _send_output
    self.send(msg)
C:\Python314\Lib\http\client.py:1057: in send
    self.connect()
..\..\..\AppData\Roaming\Python\Python314\site-packages\urllib3\connection.py:331: in connect
    self.sock = self._new_conn()
                ^^^^^^^^^^^^^^^^
..\..\..\AppData\Roaming\Python\Python314\site-packages\urllib3\connection.py:219: in _new_conn
    raise NewConnectionError(
E   urllib3.exceptions.NewConnectionError: HTTPConnection(host='localhost', port=5000): Failed to establish a new connection: [WinError 10061] No connection could be made because the target machine actively refused it

The above exception was the direct cause of the following exception:
..\..\..\AppData\Roaming\Python\Python314\site-packages\requests\adapters.py:644: in send
    resp = conn.urlopen(
..\..\..\AppData\Roaming\Python\Python314\site-packages\urllib3\connectionpool.py:841: in urlopen
    retries = retries.increment(
..\..\..\AppData\Roaming\Python\Python314\site-packages\urllib3\util\retry.py:535: in increment
    raise MaxRetryError(_pool, url, reason) from reason  # type: ignore[arg-type]
    ^^^^^^^^^^^^^^^^^^^^^^^^^^^^^^^^^^^^^^^^^^^^^^^^^^^
E   urllib3.exceptions.MaxRetryError: HTTPConnectionPool(host='localhost', port=5000): Max retries exceeded with url: /api/project/test_disabled/model-search (Caused by NewConnectionError("HTTPConnection(host='localhost', port=5000): Failed to establish a new connection: [WinError 10061] No connection could be made because the target machine actively refused it"))

During handling of the above exception, another exception occurred:
tests\test_vetinari.py:110: in test_model_search_per_project_disabled
    response = requests.post(
..\..\..\AppData\Roaming\Python\Python314\site-packages\requests\api.py:115: in post
    return request("post", url, data=data, json=json, **kwargs)
           ^^^^^^^^^^^^^^^^^^^^^^^^^^^^^^^^^^^^^^^^^^^^^^^^^^^^
..\..\..\AppData\Roaming\Python\Python314\site-packages\requests\api.py:59: in request
    return session.request(method=method, url=url, **kwargs)
           ^^^^^^^^^^^^^^^^^^^^^^^^^^^^^^^^^^^^^^^^^^^^^^^^^
..\..\..\AppData\Roaming\Python\Python314\site-packages\requests\sessions.py:589: in request
    resp = self.send(prep, **send_kwargs)
           ^^^^^^^^^^^^^^^^^^^^^^^^^^^^^^
..\..\..\AppData\Roaming\Python\Python314\site-packages\requests\sessions.py:703: in send
    r = adapter.send(request, **kwargs)
        ^^^^^^^^^^^^^^^^^^^^^^^^^^^^^^^
..\..\..\AppData\Roaming\Python\Python314\site-packages\requests\adapters.py:677: in send
    raise ConnectionError(e, request=request)
E   requests.exceptions.ConnectionError: HTTPConnectionPool(host='localhost', port=5000): Max retries exceeded with url: /api/project/test_disabled/model-search (Caused by NewConnectionError("HTTPConnection(host='localhost', port=5000): Failed to establish a new connection: [WinError 10061] No connection could be made because the target machine actively refused it"))
____________ TestModelSearch.test_model_search_returns_candidates _____________
..\..\..\AppData\Roaming\Python\Python314\site-packages\urllib3\connection.py:204: in _new_conn
    sock = connection.create_connection(
..\..\..\AppData\Roaming\Python\Python314\site-packages\urllib3\util\connection.py:85: in create_connection
    raise err
..\..\..\AppData\Roaming\Python\Python314\site-packages\urllib3\util\connection.py:73: in create_connection
    sock.connect(sa)
E   ConnectionRefusedError: [WinError 10061] No connection could be made because the target machine actively refused it

The above exception was the direct cause of the following exception:
..\..\..\AppData\Roaming\Python\Python314\site-packages\urllib3\connectionpool.py:787: in urlopen
    response = self._make_request(
..\..\..\AppData\Roaming\Python\Python314\site-packages\urllib3\connectionpool.py:493: in _make_request
    conn.request(
..\..\..\AppData\Roaming\Python\Python314\site-packages\urllib3\connection.py:500: in request
    self.endheaders()
C:\Python314\Lib\http\client.py:1353: in endheaders
    self._send_output(message_body, encode_chunked=encode_chunked)
C:\Python314\Lib\http\client.py:1113: in _send_output
    self.send(msg)
C:\Python314\Lib\http\client.py:1057: in send
    self.connect()
..\..\..\AppData\Roaming\Python\Python314\site-packages\urllib3\connection.py:331: in connect
    self.sock = self._new_conn()
                ^^^^^^^^^^^^^^^^
..\..\..\AppData\Roaming\Python\Python314\site-packages\urllib3\connection.py:219: in _new_conn
    raise NewConnectionError(
E   urllib3.exceptions.NewConnectionError: HTTPConnection(host='localhost', port=5000): Failed to establish a new connection: [WinError 10061] No connection could be made because the target machine actively refused it

The above exception was the direct cause of the following exception:
..\..\..\AppData\Roaming\Python\Python314\site-packages\requests\adapters.py:644: in send
    resp = conn.urlopen(
..\..\..\AppData\Roaming\Python\Python314\site-packages\urllib3\connectionpool.py:841: in urlopen
    retries = retries.increment(
..\..\..\AppData\Roaming\Python\Python314\site-packages\urllib3\util\retry.py:535: in increment
    raise MaxRetryError(_pool, url, reason) from reason  # type: ignore[arg-type]
    ^^^^^^^^^^^^^^^^^^^^^^^^^^^^^^^^^^^^^^^^^^^^^^^^^^^
E   urllib3.exceptions.MaxRetryError: HTTPConnectionPool(host='localhost', port=5000): Max retries exceeded with url: /api/project/project_0/model-search (Caused by NewConnectionError("HTTPConnection(host='localhost', port=5000): Failed to establish a new connection: [WinError 10061] No connection could be made because the target machine actively refused it"))

During handling of the above exception, another exception occurred:
tests\test_vetinari.py:126: in test_model_search_returns_candidates
    response = requests.post(
..\..\..\AppData\Roaming\Python\Python314\site-packages\requests\api.py:115: in post
    return request("post", url, data=data, json=json, **kwargs)
           ^^^^^^^^^^^^^^^^^^^^^^^^^^^^^^^^^^^^^^^^^^^^^^^^^^^^
..\..\..\AppData\Roaming\Python\Python314\site-packages\requests\api.py:59: in request
    return session.request(method=method, url=url, **kwargs)
           ^^^^^^^^^^^^^^^^^^^^^^^^^^^^^^^^^^^^^^^^^^^^^^^^^
..\..\..\AppData\Roaming\Python\Python314\site-packages\requests\sessions.py:589: in request
    resp = self.send(prep, **send_kwargs)
           ^^^^^^^^^^^^^^^^^^^^^^^^^^^^^^
..\..\..\AppData\Roaming\Python\Python314\site-packages\requests\sessions.py:703: in send
    r = adapter.send(request, **kwargs)
        ^^^^^^^^^^^^^^^^^^^^^^^^^^^^^^^
..\..\..\AppData\Roaming\Python\Python314\site-packages\requests\adapters.py:677: in send
    raise ConnectionError(e, request=request)
E   requests.exceptions.ConnectionError: HTTPConnectionPool(host='localhost', port=5000): Max retries exceeded with url: /api/project/project_0/model-search (Caused by NewConnectionError("HTTPConnection(host='localhost', port=5000): Failed to establish a new connection: [WinError 10061] No connection could be made because the target machine actively refused it"))
_______________ TestModelSearch.test_candidates_have_rationale ________________
..\..\..\AppData\Roaming\Python\Python314\site-packages\urllib3\connection.py:204: in _new_conn
    sock = connection.create_connection(
..\..\..\AppData\Roaming\Python\Python314\site-packages\urllib3\util\connection.py:85: in create_connection
    raise err
..\..\..\AppData\Roaming\Python\Python314\site-packages\urllib3\util\connection.py:73: in create_connection
    sock.connect(sa)
E   ConnectionRefusedError: [WinError 10061] No connection could be made because the target machine actively refused it

The above exception was the direct cause of the following exception:
..\..\..\AppData\Roaming\Python\Python314\site-packages\urllib3\connectionpool.py:787: in urlopen
    response = self._make_request(
..\..\..\AppData\Roaming\Python\Python314\site-packages\urllib3\connectionpool.py:493: in _make_request
    conn.request(
..\..\..\AppData\Roaming\Python\Python314\site-packages\urllib3\connection.py:500: in request
    self.endheaders()
C:\Python314\Lib\http\client.py:1353: in endheaders
    self._send_output(message_body, encode_chunked=encode_chunked)
C:\Python314\Lib\http\client.py:1113: in _send_output
    self.send(msg)
C:\Python314\Lib\http\client.py:1057: in send
    self.connect()
..\..\..\AppData\Roaming\Python\Python314\site-packages\urllib3\connection.py:331: in connect
    self.sock = self._new_conn()
                ^^^^^^^^^^^^^^^^
..\..\..\AppData\Roaming\Python\Python314\site-packages\urllib3\connection.py:219: in _new_conn
    raise NewConnectionError(
E   urllib3.exceptions.NewConnectionError: HTTPConnection(host='localhost', port=5000): Failed to establish a new connection: [WinError 10061] No connection could be made because the target machine actively refused it

The above exception was the direct cause of the following exception:
..\..\..\AppData\Roaming\Python\Python314\site-packages\requests\adapters.py:644: in send
    resp = conn.urlopen(
..\..\..\AppData\Roaming\Python\Python314\site-packages\urllib3\connectionpool.py:841: in urlopen
    retries = retries.increment(
..\..\..\AppData\Roaming\Python\Python314\site-packages\urllib3\util\retry.py:535: in increment
    raise MaxRetryError(_pool, url, reason) from reason  # type: ignore[arg-type]
    ^^^^^^^^^^^^^^^^^^^^^^^^^^^^^^^^^^^^^^^^^^^^^^^^^^^
E   urllib3.exceptions.MaxRetryError: HTTPConnectionPool(host='localhost', port=5000): Max retries exceeded with url: /api/project/project_0/model-search (Caused by NewConnectionError("HTTPConnection(host='localhost', port=5000): Failed to establish a new connection: [WinError 10061] No connection could be made because the target machine actively refused it"))

During handling of the above exception, another exception occurred:
tests\test_vetinari.py:147: in test_candidates_have_rationale
    response = requests.post(
..\..\..\AppData\Roaming\Python\Python314\site-packages\requests\api.py:115: in post
    return request("post", url, data=data, json=json, **kwargs)
           ^^^^^^^^^^^^^^^^^^^^^^^^^^^^^^^^^^^^^^^^^^^^^^^^^^^^
..\..\..\AppData\Roaming\Python\Python314\site-packages\requests\api.py:59: in request
    return session.request(method=method, url=url, **kwargs)
           ^^^^^^^^^^^^^^^^^^^^^^^^^^^^^^^^^^^^^^^^^^^^^^^^^
..\..\..\AppData\Roaming\Python\Python314\site-packages\requests\sessions.py:589: in request
    resp = self.send(prep, **send_kwargs)
           ^^^^^^^^^^^^^^^^^^^^^^^^^^^^^^
..\..\..\AppData\Roaming\Python\Python314\site-packages\requests\sessions.py:703: in send
    r = adapter.send(request, **kwargs)
        ^^^^^^^^^^^^^^^^^^^^^^^^^^^^^^^
..\..\..\AppData\Roaming\Python\Python314\site-packages\requests\adapters.py:677: in send
    raise ConnectionError(e, request=request)
E   requests.exceptions.ConnectionError: HTTPConnectionPool(host='localhost', port=5000): Max retries exceeded with url: /api/project/project_0/model-search (Caused by NewConnectionError("HTTPConnection(host='localhost', port=5000): Failed to establish a new connection: [WinError 10061] No connection could be made because the target machine actively refused it"))
______________ TestCredentials.test_credentials_health_structure ______________
..\..\..\AppData\Roaming\Python\Python314\site-packages\urllib3\connection.py:204: in _new_conn
    sock = connection.create_connection(
..\..\..\AppData\Roaming\Python\Python314\site-packages\urllib3\util\connection.py:85: in create_connection
    raise err
..\..\..\AppData\Roaming\Python\Python314\site-packages\urllib3\util\connection.py:73: in create_connection
    sock.connect(sa)
E   ConnectionRefusedError: [WinError 10061] No connection could be made because the target machine actively refused it

The above exception was the direct cause of the following exception:
..\..\..\AppData\Roaming\Python\Python314\site-packages\urllib3\connectionpool.py:787: in urlopen
    response = self._make_request(
..\..\..\AppData\Roaming\Python\Python314\site-packages\urllib3\connectionpool.py:493: in _make_request
    conn.request(
..\..\..\AppData\Roaming\Python\Python314\site-packages\urllib3\connection.py:500: in request
    self.endheaders()
C:\Python314\Lib\http\client.py:1353: in endheaders
    self._send_output(message_body, encode_chunked=encode_chunked)
C:\Python314\Lib\http\client.py:1113: in _send_output
    self.send(msg)
C:\Python314\Lib\http\client.py:1057: in send
    self.connect()
..\..\..\AppData\Roaming\Python\Python314\site-packages\urllib3\connection.py:331: in connect
    self.sock = self._new_conn()
                ^^^^^^^^^^^^^^^^
..\..\..\AppData\Roaming\Python\Python314\site-packages\urllib3\connection.py:219: in _new_conn
    raise NewConnectionError(
E   urllib3.exceptions.NewConnectionError: HTTPConnection(host='localhost', port=5000): Failed to establish a new connection: [WinError 10061] No connection could be made because the target machine actively refused it

The above exception was the direct cause of the following exception:
..\..\..\AppData\Roaming\Python\Python314\site-packages\requests\adapters.py:644: in send
    resp = conn.urlopen(
..\..\..\AppData\Roaming\Python\Python314\site-packages\urllib3\connectionpool.py:841: in urlopen
    retries = retries.increment(
..\..\..\AppData\Roaming\Python\Python314\site-packages\urllib3\util\retry.py:535: in increment
    raise MaxRetryError(_pool, url, reason) from reason  # type: ignore[arg-type]
    ^^^^^^^^^^^^^^^^^^^^^^^^^^^^^^^^^^^^^^^^^^^^^^^^^^^
E   urllib3.exceptions.MaxRetryError: HTTPConnectionPool(host='localhost', port=5000): Max retries exceeded with url: /api/admin/credentials/health (Caused by NewConnectionError("HTTPConnection(host='localhost', port=5000): Failed to establish a new connection: [WinError 10061] No connection could be made because the target machine actively refused it"))

During handling of the above exception, another exception occurred:
tests\test_vetinari.py:165: in test_credentials_health_structure
    response = requests.get(
..\..\..\AppData\Roaming\Python\Python314\site-packages\requests\api.py:73: in get
    return request("get", url, params=params, **kwargs)
           ^^^^^^^^^^^^^^^^^^^^^^^^^^^^^^^^^^^^^^^^^^^^
..\..\..\AppData\Roaming\Python\Python314\site-packages\requests\api.py:59: in request
    return session.request(method=method, url=url, **kwargs)
           ^^^^^^^^^^^^^^^^^^^^^^^^^^^^^^^^^^^^^^^^^^^^^^^^^
..\..\..\AppData\Roaming\Python\Python314\site-packages\requests\sessions.py:589: in request
    resp = self.send(prep, **send_kwargs)
           ^^^^^^^^^^^^^^^^^^^^^^^^^^^^^^
..\..\..\AppData\Roaming\Python\Python314\site-packages\requests\sessions.py:703: in send
    r = adapter.send(request, **kwargs)
        ^^^^^^^^^^^^^^^^^^^^^^^^^^^^^^^
..\..\..\AppData\Roaming\Python\Python314\site-packages\requests\adapters.py:677: in send
    raise ConnectionError(e, request=request)
E   requests.exceptions.ConnectionError: HTTPConnectionPool(host='localhost', port=5000): Max retries exceeded with url: /api/admin/credentials/health (Caused by NewConnectionError("HTTPConnection(host='localhost', port=5000): Failed to establish a new connection: [WinError 10061] No connection could be made because the target machine actively refused it"))
_________________ TestStatusEndpoint.test_status_returns_info _________________
..\..\..\AppData\Roaming\Python\Python314\site-packages\urllib3\connection.py:204: in _new_conn
    sock = connection.create_connection(
..\..\..\AppData\Roaming\Python\Python314\site-packages\urllib3\util\connection.py:85: in create_connection
    raise err
..\..\..\AppData\Roaming\Python\Python314\site-packages\urllib3\util\connection.py:73: in create_connection
    sock.connect(sa)
E   ConnectionRefusedError: [WinError 10061] No connection could be made because the target machine actively refused it

The above exception was the direct cause of the following exception:
..\..\..\AppData\Roaming\Python\Python314\site-packages\urllib3\connectionpool.py:787: in urlopen
    response = self._make_request(
..\..\..\AppData\Roaming\Python\Python314\site-packages\urllib3\connectionpool.py:493: in _make_request
    conn.request(
..\..\..\AppData\Roaming\Python\Python314\site-packages\urllib3\connection.py:500: in request
    self.endheaders()
C:\Python314\Lib\http\client.py:1353: in endheaders
    self._send_output(message_body, encode_chunked=encode_chunked)
C:\Python314\Lib\http\client.py:1113: in _send_output
    self.send(msg)
C:\Python314\Lib\http\client.py:1057: in send
    self.connect()
..\..\..\AppData\Roaming\Python\Python314\site-packages\urllib3\connection.py:331: in connect
    self.sock = self._new_conn()
                ^^^^^^^^^^^^^^^^
..\..\..\AppData\Roaming\Python\Python314\site-packages\urllib3\connection.py:219: in _new_conn
    raise NewConnectionError(
E   urllib3.exceptions.NewConnectionError: HTTPConnection(host='localhost', port=5000): Failed to establish a new connection: [WinError 10061] No connection could be made because the target machine actively refused it

The above exception was the direct cause of the following exception:
..\..\..\AppData\Roaming\Python\Python314\site-packages\requests\adapters.py:644: in send
    resp = conn.urlopen(
..\..\..\AppData\Roaming\Python\Python314\site-packages\urllib3\connectionpool.py:841: in urlopen
    retries = retries.increment(
..\..\..\AppData\Roaming\Python\Python314\site-packages\urllib3\util\retry.py:535: in increment
    raise MaxRetryError(_pool, url, reason) from reason  # type: ignore[arg-type]
    ^^^^^^^^^^^^^^^^^^^^^^^^^^^^^^^^^^^^^^^^^^^^^^^^^^^
E   urllib3.exceptions.MaxRetryError: HTTPConnectionPool(host='localhost', port=5000): Max retries exceeded with url: /api/status (Caused by NewConnectionError("HTTPConnection(host='localhost', port=5000): Failed to establish a new connection: [WinError 10061] No connection could be made because the target machine actively refused it"))

During handling of the above exception, another exception occurred:
tests\test_vetinari.py:181: in test_status_returns_info
    response = requests.get(f"{BASE_URL}/api/status")
               ^^^^^^^^^^^^^^^^^^^^^^^^^^^^^^^^^^^^^^
..\..\..\AppData\Roaming\Python\Python314\site-packages\requests\api.py:73: in get
    return request("get", url, params=params, **kwargs)
           ^^^^^^^^^^^^^^^^^^^^^^^^^^^^^^^^^^^^^^^^^^^^
..\..\..\AppData\Roaming\Python\Python314\site-packages\requests\api.py:59: in request
    return session.request(method=method, url=url, **kwargs)
           ^^^^^^^^^^^^^^^^^^^^^^^^^^^^^^^^^^^^^^^^^^^^^^^^^
..\..\..\AppData\Roaming\Python\Python314\site-packages\requests\sessions.py:589: in request
    resp = self.send(prep, **send_kwargs)
           ^^^^^^^^^^^^^^^^^^^^^^^^^^^^^^
..\..\..\AppData\Roaming\Python\Python314\site-packages\requests\sessions.py:703: in send
    r = adapter.send(request, **kwargs)
        ^^^^^^^^^^^^^^^^^^^^^^^^^^^^^^^
..\..\..\AppData\Roaming\Python\Python314\site-packages\requests\adapters.py:677: in send
    raise ConnectionError(e, request=request)
E   requests.exceptions.ConnectionError: HTTPConnectionPool(host='localhost', port=5000): Max retries exceeded with url: /api/status (Caused by NewConnectionError("HTTPConnection(host='localhost', port=5000): Failed to establish a new connection: [WinError 10061] No connection could be made because the target machine actively refused it"))
________________ TestTaskOverride.test_override_requires_admin ________________
..\..\..\AppData\Roaming\Python\Python314\site-packages\urllib3\connection.py:204: in _new_conn
    sock = connection.create_connection(
..\..\..\AppData\Roaming\Python\Python314\site-packages\urllib3\util\connection.py:85: in create_connection
    raise err
..\..\..\AppData\Roaming\Python\Python314\site-packages\urllib3\util\connection.py:73: in create_connection
    sock.connect(sa)
E   ConnectionRefusedError: [WinError 10061] No connection could be made because the target machine actively refused it

The above exception was the direct cause of the following exception:
..\..\..\AppData\Roaming\Python\Python314\site-packages\urllib3\connectionpool.py:787: in urlopen
    response = self._make_request(
..\..\..\AppData\Roaming\Python\Python314\site-packages\urllib3\connectionpool.py:493: in _make_request
    conn.request(
..\..\..\AppData\Roaming\Python\Python314\site-packages\urllib3\connection.py:500: in request
    self.endheaders()
C:\Python314\Lib\http\client.py:1353: in endheaders
    self._send_output(message_body, encode_chunked=encode_chunked)
C:\Python314\Lib\http\client.py:1113: in _send_output
    self.send(msg)
C:\Python314\Lib\http\client.py:1057: in send
    self.connect()
..\..\..\AppData\Roaming\Python\Python314\site-packages\urllib3\connection.py:331: in connect
    self.sock = self._new_conn()
                ^^^^^^^^^^^^^^^^
..\..\..\AppData\Roaming\Python\Python314\site-packages\urllib3\connection.py:219: in _new_conn
    raise NewConnectionError(
E   urllib3.exceptions.NewConnectionError: HTTPConnection(host='localhost', port=5000): Failed to establish a new connection: [WinError 10061] No connection could be made because the target machine actively refused it

The above exception was the direct cause of the following exception:
..\..\..\AppData\Roaming\Python\Python314\site-packages\requests\adapters.py:644: in send
    resp = conn.urlopen(
..\..\..\AppData\Roaming\Python\Python314\site-packages\urllib3\connectionpool.py:841: in urlopen
    retries = retries.increment(
..\..\..\AppData\Roaming\Python\Python314\site-packages\urllib3\util\retry.py:535: in increment
    raise MaxRetryError(_pool, url, reason) from reason  # type: ignore[arg-type]
    ^^^^^^^^^^^^^^^^^^^^^^^^^^^^^^^^^^^^^^^^^^^^^^^^^^^
E   urllib3.exceptions.MaxRetryError: HTTPConnectionPool(host='localhost', port=5000): Max retries exceeded with url: /api/project/project_0/task/t1/override (Caused by NewConnectionError("HTTPConnection(host='localhost', port=5000): Failed to establish a new connection: [WinError 10061] No connection could be made because the target machine actively refused it"))

During handling of the above exception, another exception occurred:
tests\test_vetinari.py:194: in test_override_requires_admin
    response = requests.post(
..\..\..\AppData\Roaming\Python\Python314\site-packages\requests\api.py:115: in post
    return request("post", url, data=data, json=json, **kwargs)
           ^^^^^^^^^^^^^^^^^^^^^^^^^^^^^^^^^^^^^^^^^^^^^^^^^^^^
..\..\..\AppData\Roaming\Python\Python314\site-packages\requests\api.py:59: in request
    return session.request(method=method, url=url, **kwargs)
           ^^^^^^^^^^^^^^^^^^^^^^^^^^^^^^^^^^^^^^^^^^^^^^^^^
..\..\..\AppData\Roaming\Python\Python314\site-packages\requests\sessions.py:589: in request
    resp = self.send(prep, **send_kwargs)
           ^^^^^^^^^^^^^^^^^^^^^^^^^^^^^^
..\..\..\AppData\Roaming\Python\Python314\site-packages\requests\sessions.py:703: in send
    r = adapter.send(request, **kwargs)
        ^^^^^^^^^^^^^^^^^^^^^^^^^^^^^^^
..\..\..\AppData\Roaming\Python\Python314\site-packages\requests\adapters.py:677: in send
    raise ConnectionError(e, request=request)
E   requests.exceptions.ConnectionError: HTTPConnectionPool(host='localhost', port=5000): Max retries exceeded with url: /api/project/project_0/task/t1/override (Caused by NewConnectionError("HTTPConnection(host='localhost', port=5000): Failed to establish a new connection: [WinError 10061] No connection could be made because the target machine actively refused it"))
============================== warnings summary ===============================
tests/test_chat.py::test_chat_endpoint
  C:\Users\darst\AppData\Roaming\Python\Python314\site-packages\_pytest\python.py:170: PytestReturnNotNoneWarning: Test functions should return None, but tests/test_chat.py::test_chat_endpoint returned <class 'bool'>.
  Did you mean to use `assert` instead of `return`?
  See https://docs.pytest.org/en/stable/how-to/assert.html#return-not-none for more information.
    warnings.warn(

-- Docs: https://docs.pytest.org/en/stable/how-to/capture-warnings.html
=========================== short test summary info ===========================
FAILED tests/test_ponder.py::TestPonderEngine::test_capability_score_coder_model
FAILED tests/test_ponder_integration.py::TestErrorHandling::test_malformed_task_handled
FAILED tests/test_vetinari.py::TestAdminGating::test_admin_permissions_admin_role
FAILED tests/test_vetinari.py::TestAdminGating::test_admin_permissions_user_role
FAILED tests/test_vetinari.py::TestAdminGating::test_admin_credentials_admin_only
FAILED tests/test_vetinari.py::TestAdminGating::test_admin_health_admin_only
FAILED tests/test_vetinari.py::TestPerProjectGating::test_model_search_enabled_by_default
FAILED tests/test_vetinari.py::TestPerProjectGating::test_model_search_per_project_disabled
FAILED tests/test_vetinari.py::TestModelSearch::test_model_search_returns_candidates
FAILED tests/test_vetinari.py::TestModelSearch::test_candidates_have_rationale
FAILED tests/test_vetinari.py::TestCredentials::test_credentials_health_structure
FAILED tests/test_vetinari.py::TestStatusEndpoint::test_status_returns_info
FAILED tests/test_vetinari.py::TestTaskOverride::test_override_requires_admin
======= 13 failed, 36 passed, 6 skipped, 1 warning in 70.38s (0:01:10) ========
